<?xml version="1.0" encoding="UTF-8"?>
<!-- Generated by org.testng.reporters.JUnitXMLReporter -->
<testsuite ignored="0" hostname="Shuvro" failures="1" tests="132" name="Command line test" time="26.071" errors="0" timestamp="2020-02-18T22:54:15 EST">
  <testcase classname="common.WebAPI" name="@BeforeMethod setUp" time="4.531">
    <failure type="org.openqa.selenium.NoSuchWindowException" message="no such window: target window already closed
from unknown error: web view not found
  (Session info: chrome=80.0.3987.87)
Build info: version: &amp;apos;3.141.59&amp;apos;, revision: &amp;apos;e82be7d358&amp;apos;, time: &amp;apos;2018-11-14T08:17:03&amp;apos;
System info: host: &amp;apos;SHUVRO&amp;apos;, ip: &amp;apos;10.11.11.164&amp;apos;, os.name: &amp;apos;Windows 10&amp;apos;, os.arch: &amp;apos;amd64&amp;apos;, os.version: &amp;apos;10.0&amp;apos;, java.version: &amp;apos;13.0.1&amp;apos;
Driver info: org.openqa.selenium.chrome.ChromeDriver
Capabilities {acceptInsecureCerts: false, browserName: chrome, browserVersion: 80.0.3987.87, chrome: {chromedriverVersion: 79.0.3945.36 (3582db32b3389..., userDataDir: C:\Users\mdshu\AppData\Loca...}, goog:chromeOptions: {debuggerAddress: localhost:51682}, javascriptEnabled: true, networkConnectionEnabled: false, pageLoadStrategy: normal, platform: WINDOWS, platformName: WINDOWS, proxy: Proxy(), setWindowRect: true, strictFileInteractability: false, timeouts: {implicit: 0, pageLoad: 300000, script: 30000}, unhandledPromptBehavior: dismiss and notify}
Session ID: c2d8cd27c6822241c0f4f45df62bfac3">
      <![CDATA[org.openqa.selenium.NoSuchWindowException: no such window: target window already closed
from unknown error: web view not found
  (Session info: chrome=80.0.3987.87)
Build info: version: '3.141.59', revision: 'e82be7d358', time: '2018-11-14T08:17:03'
System info: host: 'SHUVRO', ip: '10.11.11.164', os.name: 'Windows 10', os.arch: 'amd64', os.version: '10.0', java.version: '13.0.1'
Driver info: org.openqa.selenium.chrome.ChromeDriver
Capabilities {acceptInsecureCerts: false, browserName: chrome, browserVersion: 80.0.3987.87, chrome: {chromedriverVersion: 79.0.3945.36 (3582db32b3389..., userDataDir: C:\Users\mdshu\AppData\Loca...}, goog:chromeOptions: {debuggerAddress: localhost:51682}, javascriptEnabled: true, networkConnectionEnabled: false, pageLoadStrategy: normal, platform: WINDOWS, platformName: WINDOWS, proxy: Proxy(), setWindowRect: true, strictFileInteractability: false, timeouts: {implicit: 0, pageLoad: 300000, script: 30000}, unhandledPromptBehavior: dismiss and notify}
Session ID: c2d8cd27c6822241c0f4f45df62bfac3
at org.openqa.selenium.remote.http.W3CHttpResponseCodec.createException(W3CHttpResponseCodec.java:187)
at org.openqa.selenium.remote.http.W3CHttpResponseCodec.decode(W3CHttpResponseCodec.java:122)
at org.openqa.selenium.remote.http.W3CHttpResponseCodec.decode(W3CHttpResponseCodec.java:49)
at org.openqa.selenium.remote.HttpCommandExecutor.execute(HttpCommandExecutor.java:158)
at org.openqa.selenium.remote.service.DriverCommandExecutor.execute(DriverCommandExecutor.java:83)
at org.openqa.selenium.remote.RemoteWebDriver.execute(RemoteWebDriver.java:552)
at org.openqa.selenium.remote.RemoteWebDriver.execute(RemoteWebDriver.java:609)
at org.openqa.selenium.remote.RemoteWebDriver$RemoteWebDriverOptions$RemoteWindow.maximize(RemoteWebDriver.java:837)
at common.WebAPI.setUp(WebAPI.java:127)
at java.base/java.util.ArrayList.forEach(ArrayList.java:1507)
... Removed 45 stack frames]]>
    </failure>
  </testcase> <!-- @BeforeMethod setUp -->
  <testcase classname="common.WebAPI" name="@BeforeMethod startExtent" time="-1.582084454198E9">
    <skipped/>
  </testcase> <!-- @BeforeMethod startExtent -->
  <testcase classname="common.WebAPI" name="@AfterMethod afterEachTestMethod" time="-1.582084454199E9">
    <skipped/>
  </testcase> <!-- @AfterMethod afterEachTestMethod -->
  <testcase classname="common.WebAPI" name="@BeforeMethod setUp" time="-1.582084454947E9">
    <skipped/>
  </testcase> <!-- @BeforeMethod setUp -->
  <testcase classname="common.WebAPI" name="@BeforeMethod startExtent" time="-1.582084454948E9">
    <skipped/>
  </testcase> <!-- @BeforeMethod startExtent -->
  <testcase classname="common.WebAPI" name="@AfterMethod afterEachTestMethod" time="-1.582084454948E9">
    <skipped/>
  </testcase> <!-- @AfterMethod afterEachTestMethod -->
  <testcase classname="common.WebAPI" name="@BeforeMethod setUp" time="-1.58208445495E9">
    <skipped/>
  </testcase> <!-- @BeforeMethod setUp -->
  <testcase classname="common.WebAPI" name="@BeforeMethod startExtent" time="-1.58208445495E9">
    <skipped/>
  </testcase> <!-- @BeforeMethod startExtent -->
  <testcase classname="common.WebAPI" name="@AfterMethod afterEachTestMethod" time="-1.582084454951E9">
    <skipped/>
  </testcase> <!-- @AfterMethod afterEachTestMethod -->
  <testcase classname="common.WebAPI" name="@BeforeMethod setUp" time="-1.582084454954E9">
    <skipped/>
  </testcase> <!-- @BeforeMethod setUp -->
  <testcase classname="common.WebAPI" name="@BeforeMethod startExtent" time="-1.582084454954E9">
    <skipped/>
  </testcase> <!-- @BeforeMethod startExtent -->
  <testcase classname="common.WebAPI" name="@AfterMethod afterEachTestMethod" time="-1.582084454955E9">
    <skipped/>
  </testcase> <!-- @AfterMethod afterEachTestMethod -->
  <testcase classname="common.WebAPI" name="@BeforeMethod setUp" time="-1.582084454955E9">
    <skipped/>
  </testcase> <!-- @BeforeMethod setUp -->
  <testcase classname="common.WebAPI" name="@BeforeMethod startExtent" time="-1.582084454959E9">
    <skipped/>
  </testcase> <!-- @BeforeMethod startExtent -->
  <testcase classname="common.WebAPI" name="@AfterMethod afterEachTestMethod" time="-1.58208445496E9">
    <skipped/>
  </testcase> <!-- @AfterMethod afterEachTestMethod -->
  <testcase classname="common.WebAPI" name="@BeforeMethod setUp" time="-1.582084454961E9">
    <skipped/>
  </testcase> <!-- @BeforeMethod setUp -->
  <testcase classname="common.WebAPI" name="@BeforeMethod startExtent" time="-1.582084454961E9">
    <skipped/>
  </testcase> <!-- @BeforeMethod startExtent -->
  <testcase classname="common.WebAPI" name="@AfterMethod afterEachTestMethod" time="-1.582084454961E9">
    <skipped/>
  </testcase> <!-- @AfterMethod afterEachTestMethod -->
  <testcase classname="common.WebAPI" name="@BeforeMethod setUp" time="-1.582084454965E9">
    <skipped/>
  </testcase> <!-- @BeforeMethod setUp -->
  <testcase classname="common.WebAPI" name="@BeforeMethod startExtent" time="-1.582084454965E9">
    <skipped/>
  </testcase> <!-- @BeforeMethod startExtent -->
  <testcase classname="common.WebAPI" name="@AfterMethod afterEachTestMethod" time="-1.582084454965E9">
    <skipped/>
  </testcase> <!-- @AfterMethod afterEachTestMethod -->
  <testcase classname="common.WebAPI" name="@BeforeMethod setUp" time="-1.582084454973E9">
    <skipped/>
  </testcase> <!-- @BeforeMethod setUp -->
  <testcase classname="common.WebAPI" name="@BeforeMethod startExtent" time="-1.582084454977E9">
    <skipped/>
  </testcase> <!-- @BeforeMethod startExtent -->
  <testcase classname="common.WebAPI" name="@AfterMethod afterEachTestMethod" time="-1.582084454979E9">
    <skipped/>
  </testcase> <!-- @AfterMethod afterEachTestMethod -->
  <testcase classname="common.WebAPI" name="@BeforeMethod setUp" time="-1.582084454984E9">
    <skipped/>
  </testcase> <!-- @BeforeMethod setUp -->
  <testcase classname="common.WebAPI" name="@BeforeMethod startExtent" time="-1.582084454984E9">
    <skipped/>
  </testcase> <!-- @BeforeMethod startExtent -->
  <testcase classname="common.WebAPI" name="@AfterMethod afterEachTestMethod" time="-1.582084454985E9">
    <skipped/>
  </testcase> <!-- @AfterMethod afterEachTestMethod -->
  <testcase classname="common.WebAPI" name="@BeforeMethod setUp" time="-1.582084454989E9">
    <skipped/>
  </testcase> <!-- @BeforeMethod setUp -->
  <testcase classname="common.WebAPI" name="@BeforeMethod startExtent" time="-1.582084454993E9">
    <skipped/>
  </testcase> <!-- @BeforeMethod startExtent -->
  <testcase classname="common.WebAPI" name="@AfterMethod afterEachTestMethod" time="-1.582084454996E9">
    <skipped/>
  </testcase> <!-- @AfterMethod afterEachTestMethod -->
  <testcase classname="common.WebAPI" name="@BeforeMethod setUp" time="-1.582084455002E9">
    <skipped/>
  </testcase> <!-- @BeforeMethod setUp -->
  <testcase classname="common.WebAPI" name="@BeforeMethod startExtent" time="-1.582084455002E9">
    <skipped/>
  </testcase> <!-- @BeforeMethod startExtent -->
  <testcase classname="common.WebAPI" name="@AfterMethod afterEachTestMethod" time="-1.582084455002E9">
    <skipped/>
  </testcase> <!-- @AfterMethod afterEachTestMethod -->
  <testcase classname="common.WebAPI" name="@BeforeMethod setUp" time="-1.582084455008E9">
    <skipped/>
  </testcase> <!-- @BeforeMethod setUp -->
  <testcase classname="common.WebAPI" name="@BeforeMethod startExtent" time="-1.582084455008E9">
    <skipped/>
  </testcase> <!-- @BeforeMethod startExtent -->
  <testcase classname="common.WebAPI" name="@AfterMethod afterEachTestMethod" time="-1.582084455012E9">
    <skipped/>
  </testcase> <!-- @AfterMethod afterEachTestMethod -->
  <testcase classname="common.WebAPI" name="@BeforeMethod setUp" time="-1.582084455022E9">
    <skipped/>
  </testcase> <!-- @BeforeMethod setUp -->
  <testcase classname="common.WebAPI" name="@BeforeMethod startExtent" time="-1.582084455022E9">
    <skipped/>
  </testcase> <!-- @BeforeMethod startExtent -->
  <testcase classname="common.WebAPI" name="@AfterMethod afterEachTestMethod" time="-1.582084455022E9">
    <skipped/>
  </testcase> <!-- @AfterMethod afterEachTestMethod -->
  <testcase classname="common.WebAPI" name="@BeforeMethod setUp" time="-1.582084455024E9">
    <skipped/>
  </testcase> <!-- @BeforeMethod setUp -->
  <testcase classname="common.WebAPI" name="@BeforeMethod startExtent" time="-1.582084455025E9">
    <skipped/>
  </testcase> <!-- @BeforeMethod startExtent -->
  <testcase classname="common.WebAPI" name="@AfterMethod afterEachTestMethod" time="-1.582084455026E9">
    <skipped/>
  </testcase> <!-- @AfterMethod afterEachTestMethod -->
  <testcase classname="common.WebAPI" name="@BeforeMethod setUp" time="-1.582084455027E9">
    <skipped/>
  </testcase> <!-- @BeforeMethod setUp -->
  <testcase classname="common.WebAPI" name="@BeforeMethod startExtent" time="-1.582084455027E9">
    <skipped/>
  </testcase> <!-- @BeforeMethod startExtent -->
  <testcase classname="common.WebAPI" name="@AfterMethod afterEachTestMethod" time="-1.582084455027E9">
    <skipped/>
  </testcase> <!-- @AfterMethod afterEachTestMethod -->
  <testcase classname="common.WebAPI" name="@BeforeMethod setUp" time="-1.582084455028E9">
    <skipped/>
  </testcase> <!-- @BeforeMethod setUp -->
  <testcase classname="common.WebAPI" name="@BeforeMethod startExtent" time="-1.582084455028E9">
    <skipped/>
  </testcase> <!-- @BeforeMethod startExtent -->
  <testcase classname="common.WebAPI" name="@AfterMethod afterEachTestMethod" time="-1.58208445503E9">
    <skipped/>
  </testcase> <!-- @AfterMethod afterEachTestMethod -->
  <testcase classname="common.WebAPI" name="@BeforeMethod setUp" time="-1.582084455031E9">
    <skipped/>
  </testcase> <!-- @BeforeMethod setUp -->
  <testcase classname="common.WebAPI" name="@BeforeMethod startExtent" time="-1.582084455031E9">
    <skipped/>
  </testcase> <!-- @BeforeMethod startExtent -->
  <testcase classname="common.WebAPI" name="@AfterMethod afterEachTestMethod" time="-1.582084455032E9">
    <skipped/>
  </testcase> <!-- @AfterMethod afterEachTestMethod -->
  <testcase classname="common.WebAPI" name="@BeforeMethod setUp" time="-1.582084455033E9">
    <skipped/>
  </testcase> <!-- @BeforeMethod setUp -->
  <testcase classname="common.WebAPI" name="@BeforeMethod startExtent" time="-1.582084455033E9">
    <skipped/>
  </testcase> <!-- @BeforeMethod startExtent -->
  <testcase classname="common.WebAPI" name="@AfterMethod afterEachTestMethod" time="-1.582084455033E9">
    <skipped/>
  </testcase> <!-- @AfterMethod afterEachTestMethod -->
  <testcase classname="common.WebAPI" name="@BeforeMethod setUp" time="-1.582084455033E9">
    <skipped/>
  </testcase> <!-- @BeforeMethod setUp -->
  <testcase classname="common.WebAPI" name="@BeforeMethod startExtent" time="-1.582084455035E9">
    <skipped/>
  </testcase> <!-- @BeforeMethod startExtent -->
  <testcase classname="common.WebAPI" name="@AfterMethod afterEachTestMethod" time="-1.582084455035E9">
    <skipped/>
  </testcase> <!-- @AfterMethod afterEachTestMethod -->
  <testcase classname="common.WebAPI" name="@BeforeMethod setUp" time="-1.582084455036E9">
    <skipped/>
  </testcase> <!-- @BeforeMethod setUp -->
  <testcase classname="common.WebAPI" name="@BeforeMethod startExtent" time="-1.582084455037E9">
    <skipped/>
  </testcase> <!-- @BeforeMethod startExtent -->
  <testcase classname="common.WebAPI" name="@AfterMethod afterEachTestMethod" time="-1.582084455037E9">
    <skipped/>
  </testcase> <!-- @AfterMethod afterEachTestMethod -->
  <testcase classname="common.WebAPI" name="@BeforeMethod setUp" time="-1.582084455039E9">
    <skipped/>
  </testcase> <!-- @BeforeMethod setUp -->
  <testcase classname="common.WebAPI" name="@BeforeMethod startExtent" time="-1.582084455039E9">
    <skipped/>
  </testcase> <!-- @BeforeMethod startExtent -->
  <testcase classname="common.WebAPI" name="@AfterMethod afterEachTestMethod" time="-1.58208445504E9">
    <skipped/>
  </testcase> <!-- @AfterMethod afterEachTestMethod -->
  <testcase classname="common.WebAPI" name="@BeforeMethod setUp" time="-1.582084455041E9">
    <skipped/>
  </testcase> <!-- @BeforeMethod setUp -->
  <testcase classname="common.WebAPI" name="@BeforeMethod startExtent" time="-1.582084455041E9">
    <skipped/>
  </testcase> <!-- @BeforeMethod startExtent -->
  <testcase classname="common.WebAPI" name="@AfterMethod afterEachTestMethod" time="-1.582084455042E9">
    <skipped/>
  </testcase> <!-- @AfterMethod afterEachTestMethod -->
  <testcase classname="common.WebAPI" name="@BeforeMethod setUp" time="-1.582084455043E9">
    <skipped/>
  </testcase> <!-- @BeforeMethod setUp -->
  <testcase classname="common.WebAPI" name="@BeforeMethod startExtent" time="-1.582084455043E9">
    <skipped/>
  </testcase> <!-- @BeforeMethod startExtent -->
  <testcase classname="common.WebAPI" name="@AfterMethod afterEachTestMethod" time="-1.582084455044E9">
    <skipped/>
  </testcase> <!-- @AfterMethod afterEachTestMethod -->
  <testcase classname="common.WebAPI" name="@BeforeMethod setUp" time="-1.582084455045E9">
    <skipped/>
  </testcase> <!-- @BeforeMethod setUp -->
  <testcase classname="common.WebAPI" name="@BeforeMethod startExtent" time="-1.582084455045E9">
    <skipped/>
  </testcase> <!-- @BeforeMethod startExtent -->
  <testcase classname="common.WebAPI" name="@AfterMethod afterEachTestMethod" time="-1.582084455045E9">
    <skipped/>
  </testcase> <!-- @AfterMethod afterEachTestMethod -->
  <testcase classname="common.WebAPI" name="@BeforeMethod setUp" time="-1.582084455046E9">
    <skipped/>
  </testcase> <!-- @BeforeMethod setUp -->
  <testcase classname="common.WebAPI" name="@BeforeMethod startExtent" time="-1.582084455047E9">
    <skipped/>
  </testcase> <!-- @BeforeMethod startExtent -->
  <testcase classname="common.WebAPI" name="@AfterMethod afterEachTestMethod" time="-1.582084455047E9">
    <skipped/>
  </testcase> <!-- @AfterMethod afterEachTestMethod -->
  <testcase classname="common.WebAPI" name="@BeforeMethod setUp" time="-1.582084455048E9">
    <skipped/>
  </testcase> <!-- @BeforeMethod setUp -->
  <testcase classname="common.WebAPI" name="@BeforeMethod startExtent" time="-1.582084455048E9">
    <skipped/>
  </testcase> <!-- @BeforeMethod startExtent -->
  <testcase classname="common.WebAPI" name="@AfterMethod afterEachTestMethod" time="-1.582084455049E9">
    <skipped/>
  </testcase> <!-- @AfterMethod afterEachTestMethod -->
  <testcase classname="common.WebAPI" name="@BeforeMethod setUp" time="-1.582084455049E9">
    <skipped/>
  </testcase> <!-- @BeforeMethod setUp -->
  <testcase classname="common.WebAPI" name="@BeforeMethod startExtent" time="-1.58208445505E9">
    <skipped/>
  </testcase> <!-- @BeforeMethod startExtent -->
  <testcase classname="common.WebAPI" name="@AfterMethod afterEachTestMethod" time="-1.58208445505E9">
    <skipped/>
  </testcase> <!-- @AfterMethod afterEachTestMethod -->
  <testcase classname="common.WebAPI" name="@BeforeMethod setUp" time="-1.582084455051E9">
    <skipped/>
  </testcase> <!-- @BeforeMethod setUp -->
  <testcase classname="common.WebAPI" name="@BeforeMethod startExtent" time="-1.582084455051E9">
    <skipped/>
  </testcase> <!-- @BeforeMethod startExtent -->
  <testcase classname="common.WebAPI" name="@AfterMethod afterEachTestMethod" time="-1.582084455051E9">
    <skipped/>
  </testcase> <!-- @AfterMethod afterEachTestMethod -->
  <testcase classname="common.WebAPI" name="@BeforeMethod setUp" time="-1.582084455052E9">
    <skipped/>
  </testcase> <!-- @BeforeMethod setUp -->
  <testcase classname="common.WebAPI" name="@BeforeMethod startExtent" time="-1.582084455052E9">
    <skipped/>
  </testcase> <!-- @BeforeMethod startExtent -->
  <testcase classname="common.WebAPI" name="@AfterMethod afterEachTestMethod" time="-1.582084455053E9">
    <skipped/>
  </testcase> <!-- @AfterMethod afterEachTestMethod -->
  <testcase classname="common.WebAPI" name="@BeforeMethod setUp" time="-1.582084455054E9">
    <skipped/>
  </testcase> <!-- @BeforeMethod setUp -->
  <testcase classname="common.WebAPI" name="@BeforeMethod startExtent" time="-1.582084455054E9">
    <skipped/>
  </testcase> <!-- @BeforeMethod startExtent -->
  <testcase classname="common.WebAPI" name="@AfterMethod afterEachTestMethod" time="-1.582084455054E9">
    <skipped/>
  </testcase> <!-- @AfterMethod afterEachTestMethod -->
  <testcase classname="common.WebAPI" name="@BeforeMethod setUp" time="-1.582084455055E9">
    <skipped/>
  </testcase> <!-- @BeforeMethod setUp -->
  <testcase classname="common.WebAPI" name="@BeforeMethod startExtent" time="-1.582084455056E9">
    <skipped/>
  </testcase> <!-- @BeforeMethod startExtent -->
  <testcase classname="common.WebAPI" name="@AfterMethod afterEachTestMethod" time="-1.582084455056E9">
    <skipped/>
  </testcase> <!-- @AfterMethod afterEachTestMethod -->
  <testcase classname="common.WebAPI" name="@BeforeMethod setUp" time="-1.582084455057E9">
    <skipped/>
  </testcase> <!-- @BeforeMethod setUp -->
  <testcase classname="common.WebAPI" name="@BeforeMethod startExtent" time="-1.582084455057E9">
    <skipped/>
  </testcase> <!-- @BeforeMethod startExtent -->
  <testcase classname="common.WebAPI" name="@AfterMethod afterEachTestMethod" time="-1.582084455057E9">
    <skipped/>
  </testcase> <!-- @AfterMethod afterEachTestMethod -->
  <testcase classname="common.WebAPI" name="@BeforeMethod setUp" time="-1.582084455058E9">
    <skipped/>
  </testcase> <!-- @BeforeMethod setUp -->
  <testcase classname="common.WebAPI" name="@BeforeMethod startExtent" time="-1.582084455059E9">
    <skipped/>
  </testcase> <!-- @BeforeMethod startExtent -->
  <testcase classname="common.WebAPI" name="@AfterMethod afterEachTestMethod" time="-1.582084455059E9">
    <skipped/>
  </testcase> <!-- @AfterMethod afterEachTestMethod -->
  <testcase classname="common.WebAPI" name="@BeforeMethod setUp" time="-1.58208445506E9">
    <skipped/>
  </testcase> <!-- @BeforeMethod setUp -->
  <testcase classname="common.WebAPI" name="@BeforeMethod startExtent" time="-1.58208445506E9">
    <skipped/>
  </testcase> <!-- @BeforeMethod startExtent -->
  <testcase classname="common.WebAPI" name="@AfterMethod afterEachTestMethod" time="-1.582084455061E9">
    <skipped/>
  </testcase> <!-- @AfterMethod afterEachTestMethod -->
  <testcase classname="common.WebAPI" name="@BeforeMethod setUp" time="-1.582084455062E9">
    <skipped/>
  </testcase> <!-- @BeforeMethod setUp -->
  <testcase classname="common.WebAPI" name="@BeforeMethod startExtent" time="-1.582084455062E9">
    <skipped/>
  </testcase> <!-- @BeforeMethod startExtent -->
  <testcase classname="common.WebAPI" name="@AfterMethod afterEachTestMethod" time="-1.582084455063E9">
    <skipped/>
  </testcase> <!-- @AfterMethod afterEachTestMethod -->
  <testcase classname="common.WebAPI" name="@BeforeMethod setUp" time="-1.582084455064E9">
    <skipped/>
  </testcase> <!-- @BeforeMethod setUp -->
  <testcase classname="common.WebAPI" name="@BeforeMethod startExtent" time="-1.582084455064E9">
    <skipped/>
  </testcase> <!-- @BeforeMethod startExtent -->
  <testcase classname="common.WebAPI" name="@AfterMethod afterEachTestMethod" time="-1.582084455065E9">
    <skipped/>
  </testcase> <!-- @AfterMethod afterEachTestMethod -->
  <testcase classname="common.WebAPI" name="@BeforeMethod setUp" time="-1.582084455066E9">
    <skipped/>
  </testcase> <!-- @BeforeMethod setUp -->
  <testcase classname="common.WebAPI" name="@BeforeMethod startExtent" time="-1.582084455066E9">
    <skipped/>
  </testcase> <!-- @BeforeMethod startExtent -->
  <testcase classname="common.WebAPI" name="@AfterMethod afterEachTestMethod" time="-1.582084455066E9">
    <skipped/>
  </testcase> <!-- @AfterMethod afterEachTestMethod -->
  <testcase classname="common.WebAPI" name="@BeforeMethod setUp" time="-1.582084455068E9">
    <skipped/>
  </testcase> <!-- @BeforeMethod setUp -->
  <testcase classname="common.WebAPI" name="@BeforeMethod startExtent" time="-1.582084455068E9">
    <skipped/>
  </testcase> <!-- @BeforeMethod startExtent -->
  <testcase classname="common.WebAPI" name="@AfterMethod afterEachTestMethod" time="-1.582084455069E9">
    <skipped/>
  </testcase> <!-- @AfterMethod afterEachTestMethod -->
  <testcase classname="common.WebAPI" name="@BeforeMethod setUp" time="-1.582084455071E9">
    <skipped/>
  </testcase> <!-- @BeforeMethod setUp -->
  <testcase classname="common.WebAPI" name="@BeforeMethod startExtent" time="-1.582084455071E9">
    <skipped/>
  </testcase> <!-- @BeforeMethod startExtent -->
  <testcase classname="common.WebAPI" name="@AfterMethod afterEachTestMethod" time="-1.582084455071E9">
    <skipped/>
  </testcase> <!-- @AfterMethod afterEachTestMethod -->
  <testcase classname="common.WebAPI" name="@BeforeMethod setUp" time="-1.582084455072E9">
    <skipped/>
  </testcase> <!-- @BeforeMethod setUp -->
  <testcase classname="common.WebAPI" name="@BeforeMethod startExtent" time="-1.582084455072E9">
    <skipped/>
  </testcase> <!-- @BeforeMethod startExtent -->
  <testcase classname="common.WebAPI" name="@AfterMethod afterEachTestMethod" time="-1.582084455073E9">
    <skipped/>
  </testcase> <!-- @AfterMethod afterEachTestMethod -->
  <testcase classname="common.WebAPI" name="@BeforeMethod setUp" time="-1.582084455074E9">
    <skipped/>
  </testcase> <!-- @BeforeMethod setUp -->
  <testcase classname="common.WebAPI" name="@BeforeMethod startExtent" time="-1.582084455074E9">
    <skipped/>
  </testcase> <!-- @BeforeMethod startExtent -->
  <testcase classname="common.WebAPI" name="@AfterMethod afterEachTestMethod" time="-1.582084455074E9">
    <skipped/>
  </testcase> <!-- @AfterMethod afterEachTestMethod -->
  <testcase classname="common.WebAPI" name="@BeforeMethod setUp" time="-1.582084455075E9">
    <skipped/>
  </testcase> <!-- @BeforeMethod setUp -->
  <testcase classname="common.WebAPI" name="@BeforeMethod startExtent" time="-1.582084455075E9">
    <skipped/>
  </testcase> <!-- @BeforeMethod startExtent -->
  <testcase classname="common.WebAPI" name="@AfterMethod afterEachTestMethod" time="-1.582084455076E9">
    <skipped/>
  </testcase> <!-- @AfterMethod afterEachTestMethod -->
  <testcase classname="common.WebAPI" name="@BeforeMethod setUp" time="-1.582084455077E9">
    <skipped/>
  </testcase> <!-- @BeforeMethod setUp -->
  <testcase classname="common.WebAPI" name="@BeforeMethod startExtent" time="-1.582084455077E9">
    <skipped/>
  </testcase> <!-- @BeforeMethod startExtent -->
  <testcase classname="common.WebAPI" name="@AfterMethod afterEachTestMethod" time="-1.582084455077E9">
    <skipped/>
  </testcase> <!-- @AfterMethod afterEachTestMethod -->
  <testcase classname="common.WebAPI" name="@BeforeMethod setUp" time="-1.582084455079E9">
    <skipped/>
  </testcase> <!-- @BeforeMethod setUp -->
  <testcase classname="common.WebAPI" name="@BeforeMethod startExtent" time="-1.582084455079E9">
    <skipped/>
  </testcase> <!-- @BeforeMethod startExtent -->
  <testcase classname="common.WebAPI" name="@AfterMethod afterEachTestMethod" time="-1.582084455079E9">
    <skipped/>
  </testcase> <!-- @AfterMethod afterEachTestMethod -->
  <testcase classname="common.WebAPI" name="@BeforeMethod setUp" time="-1.58208445508E9">
    <skipped/>
  </testcase> <!-- @BeforeMethod setUp -->
  <testcase classname="common.WebAPI" name="@BeforeMethod startExtent" time="-1.58208445508E9">
    <skipped/>
  </testcase> <!-- @BeforeMethod startExtent -->
  <testcase classname="common.WebAPI" name="@AfterMethod afterEachTestMethod" time="-1.582084455081E9">
    <skipped/>
  </testcase> <!-- @AfterMethod afterEachTestMethod -->
  <testcase classname="common.WebAPI" name="@BeforeMethod setUp" time="-1.582084455082E9">
    <skipped/>
  </testcase> <!-- @BeforeMethod setUp -->
  <testcase classname="common.WebAPI" name="@BeforeMethod startExtent" time="-1.582084455082E9">
    <skipped/>
  </testcase> <!-- @BeforeMethod startExtent -->
  <testcase classname="common.WebAPI" name="@AfterMethod afterEachTestMethod" time="-1.582084455083E9">
    <skipped/>
  </testcase> <!-- @AfterMethod afterEachTestMethod -->
  <testcase classname="common.WebAPI" name="@BeforeMethod setUp" time="-1.582084455084E9">
    <skipped/>
  </testcase> <!-- @BeforeMethod setUp -->
  <testcase classname="common.WebAPI" name="@BeforeMethod startExtent" time="-1.582084455084E9">
    <skipped/>
  </testcase> <!-- @BeforeMethod startExtent -->
  <testcase classname="common.WebAPI" name="@AfterMethod afterEachTestMethod" time="-1.582084455085E9">
    <skipped/>
  </testcase> <!-- @AfterMethod afterEachTestMethod -->
  <testcase classname="common.WebAPI" name="@BeforeMethod setUp" time="-1.582084455086E9">
    <skipped/>
  </testcase> <!-- @BeforeMethod setUp -->
  <testcase classname="common.WebAPI" name="@BeforeMethod startExtent" time="-1.582084455086E9">
    <skipped/>
  </testcase> <!-- @BeforeMethod startExtent -->
  <testcase classname="common.WebAPI" name="@AfterMethod afterEachTestMethod" time="-1.582084455088E9">
    <skipped/>
  </testcase> <!-- @AfterMethod afterEachTestMethod -->
  <testcase classname="common.WebAPI" name="@BeforeMethod setUp" time="-1.58208445509E9">
    <skipped/>
  </testcase> <!-- @BeforeMethod setUp -->
  <testcase classname="common.WebAPI" name="@BeforeMethod startExtent" time="-1.58208445509E9">
    <skipped/>
  </testcase> <!-- @BeforeMethod startExtent -->
  <testcase classname="common.WebAPI" name="@AfterMethod afterEachTestMethod" time="-1.582084455091E9">
    <skipped/>
  </testcase> <!-- @AfterMethod afterEachTestMethod -->
  <testcase classname="common.WebAPI" name="@BeforeMethod setUp" time="-1.582084455094E9">
    <skipped/>
  </testcase> <!-- @BeforeMethod setUp -->
  <testcase classname="common.WebAPI" name="@BeforeMethod startExtent" time="-1.582084455095E9">
    <skipped/>
  </testcase> <!-- @BeforeMethod startExtent -->
  <testcase classname="common.WebAPI" name="@AfterMethod afterEachTestMethod" time="-1.582084455096E9">
    <skipped/>
  </testcase> <!-- @AfterMethod afterEachTestMethod -->
  <testcase classname="common.WebAPI" name="@BeforeMethod setUp" time="-1.582084455097E9">
    <skipped/>
  </testcase> <!-- @BeforeMethod setUp -->
  <testcase classname="common.WebAPI" name="@BeforeMethod startExtent" time="-1.582084455098E9">
    <skipped/>
  </testcase> <!-- @BeforeMethod startExtent -->
  <testcase classname="common.WebAPI" name="@AfterMethod afterEachTestMethod" time="-1.582084455098E9">
    <skipped/>
  </testcase> <!-- @AfterMethod afterEachTestMethod -->
  <testcase classname="common.WebAPI" name="@BeforeMethod setUp" time="-1.582084455099E9">
    <skipped/>
  </testcase> <!-- @BeforeMethod setUp -->
  <testcase classname="common.WebAPI" name="@BeforeMethod startExtent" time="-1.582084455099E9">
    <skipped/>
  </testcase> <!-- @BeforeMethod startExtent -->
  <testcase classname="common.WebAPI" name="@AfterMethod afterEachTestMethod" time="-1.5820844551E9">
    <skipped/>
  </testcase> <!-- @AfterMethod afterEachTestMethod -->
  <testcase classname="common.WebAPI" name="@BeforeMethod setUp" time="-1.582084455101E9">
    <skipped/>
  </testcase> <!-- @BeforeMethod setUp -->
  <testcase classname="common.WebAPI" name="@BeforeMethod startExtent" time="-1.582084455101E9">
    <skipped/>
  </testcase> <!-- @BeforeMethod startExtent -->
  <testcase classname="common.WebAPI" name="@AfterMethod afterEachTestMethod" time="-1.582084455101E9">
    <skipped/>
  </testcase> <!-- @AfterMethod afterEachTestMethod -->
  <testcase classname="common.WebAPI" name="@BeforeMethod setUp" time="-1.582084455102E9">
    <skipped/>
  </testcase> <!-- @BeforeMethod setUp -->
  <testcase classname="common.WebAPI" name="@BeforeMethod startExtent" time="-1.582084455102E9">
    <skipped/>
  </testcase> <!-- @BeforeMethod startExtent -->
  <testcase classname="common.WebAPI" name="@AfterMethod afterEachTestMethod" time="-1.582084455103E9">
    <skipped/>
  </testcase> <!-- @AfterMethod afterEachTestMethod -->
  <testcase classname="common.WebAPI" name="@BeforeMethod setUp" time="-1.582084455104E9">
    <skipped/>
  </testcase> <!-- @BeforeMethod setUp -->
  <testcase classname="common.WebAPI" name="@BeforeMethod startExtent" time="-1.582084455104E9">
    <skipped/>
  </testcase> <!-- @BeforeMethod startExtent -->
  <testcase classname="common.WebAPI" name="@AfterMethod afterEachTestMethod" time="-1.582084455104E9">
    <skipped/>
  </testcase> <!-- @AfterMethod afterEachTestMethod -->
  <testcase classname="common.WebAPI" name="@BeforeMethod setUp" time="-1.582084455106E9">
    <skipped/>
  </testcase> <!-- @BeforeMethod setUp -->
  <testcase classname="common.WebAPI" name="@BeforeMethod startExtent" time="-1.582084455106E9">
    <skipped/>
  </testcase> <!-- @BeforeMethod startExtent -->
  <testcase classname="common.WebAPI" name="@AfterMethod afterEachTestMethod" time="-1.582084455106E9">
    <skipped/>
  </testcase> <!-- @AfterMethod afterEachTestMethod -->
  <testcase classname="common.WebAPI" name="@BeforeMethod setUp" time="-1.582084455107E9">
    <skipped/>
  </testcase> <!-- @BeforeMethod setUp -->
  <testcase classname="common.WebAPI" name="@BeforeMethod startExtent" time="-1.582084455107E9">
    <skipped/>
  </testcase> <!-- @BeforeMethod startExtent -->
  <testcase classname="common.WebAPI" name="@AfterMethod afterEachTestMethod" time="-1.582084455107E9">
    <skipped/>
  </testcase> <!-- @AfterMethod afterEachTestMethod -->
  <testcase classname="common.WebAPI" name="@BeforeMethod setUp" time="-1.582084455108E9">
    <skipped/>
  </testcase> <!-- @BeforeMethod setUp -->
  <testcase classname="common.WebAPI" name="@BeforeMethod startExtent" time="-1.582084455109E9">
    <skipped/>
  </testcase> <!-- @BeforeMethod startExtent -->
  <testcase classname="common.WebAPI" name="@AfterMethod afterEachTestMethod" time="-1.58208445511E9">
    <skipped/>
  </testcase> <!-- @AfterMethod afterEachTestMethod -->
  <testcase classname="common.WebAPI" name="@BeforeMethod setUp" time="-1.582084455111E9">
    <skipped/>
  </testcase> <!-- @BeforeMethod setUp -->
  <testcase classname="common.WebAPI" name="@BeforeMethod startExtent" time="-1.582084455111E9">
    <skipped/>
  </testcase> <!-- @BeforeMethod startExtent -->
  <testcase classname="common.WebAPI" name="@AfterMethod afterEachTestMethod" time="-1.582084455111E9">
    <skipped/>
  </testcase> <!-- @AfterMethod afterEachTestMethod -->
  <testcase classname="common.WebAPI" name="@BeforeMethod setUp" time="-1.582084455112E9">
    <skipped/>
  </testcase> <!-- @BeforeMethod setUp -->
  <testcase classname="common.WebAPI" name="@BeforeMethod startExtent" time="-1.582084455112E9">
    <skipped/>
  </testcase> <!-- @BeforeMethod startExtent -->
  <testcase classname="common.WebAPI" name="@AfterMethod afterEachTestMethod" time="-1.582084455113E9">
    <skipped/>
  </testcase> <!-- @AfterMethod afterEachTestMethod -->
  <testcase classname="common.WebAPI" name="@BeforeMethod setUp" time="-1.582084455114E9">
    <skipped/>
  </testcase> <!-- @BeforeMethod setUp -->
  <testcase classname="common.WebAPI" name="@BeforeMethod startExtent" time="-1.582084455114E9">
    <skipped/>
  </testcase> <!-- @BeforeMethod startExtent -->
  <testcase classname="common.WebAPI" name="@AfterMethod afterEachTestMethod" time="-1.582084455114E9">
    <skipped/>
  </testcase> <!-- @AfterMethod afterEachTestMethod -->
  <testcase classname="common.WebAPI" name="@BeforeMethod setUp" time="-1.582084455115E9">
    <skipped/>
  </testcase> <!-- @BeforeMethod setUp -->
  <testcase classname="common.WebAPI" name="@BeforeMethod startExtent" time="-1.582084455115E9">
    <skipped/>
  </testcase> <!-- @BeforeMethod startExtent -->
  <testcase classname="common.WebAPI" name="@AfterMethod afterEachTestMethod" time="-1.582084455115E9">
    <skipped/>
  </testcase> <!-- @AfterMethod afterEachTestMethod -->
  <testcase classname="common.WebAPI" name="@BeforeMethod setUp" time="-1.582084455116E9">
    <skipped/>
  </testcase> <!-- @BeforeMethod setUp -->
  <testcase classname="common.WebAPI" name="@BeforeMethod startExtent" time="-1.582084455116E9">
    <skipped/>
  </testcase> <!-- @BeforeMethod startExtent -->
  <testcase classname="common.WebAPI" name="@AfterMethod afterEachTestMethod" time="-1.582084455117E9">
    <skipped/>
  </testcase> <!-- @AfterMethod afterEachTestMethod -->
  <testcase classname="common.WebAPI" name="@BeforeMethod setUp" time="-1.582084455118E9">
    <skipped/>
  </testcase> <!-- @BeforeMethod setUp -->
  <testcase classname="common.WebAPI" name="@BeforeMethod startExtent" time="-1.582084455118E9">
    <skipped/>
  </testcase> <!-- @BeforeMethod startExtent -->
  <testcase classname="common.WebAPI" name="@AfterMethod afterEachTestMethod" time="-1.582084455122E9">
    <skipped/>
  </testcase> <!-- @AfterMethod afterEachTestMethod -->
  <testcase classname="common.WebAPI" name="@BeforeMethod setUp" time="-1.582084455123E9">
    <skipped/>
  </testcase> <!-- @BeforeMethod setUp -->
  <testcase classname="common.WebAPI" name="@BeforeMethod startExtent" time="-1.582084455124E9">
    <skipped/>
  </testcase> <!-- @BeforeMethod startExtent -->
  <testcase classname="common.WebAPI" name="@AfterMethod afterEachTestMethod" time="-1.582084455125E9">
    <skipped/>
  </testcase> <!-- @AfterMethod afterEachTestMethod -->
  <testcase classname="common.WebAPI" name="@BeforeMethod setUp" time="-1.582084455125E9">
    <skipped/>
  </testcase> <!-- @BeforeMethod setUp -->
  <testcase classname="common.WebAPI" name="@BeforeMethod startExtent" time="-1.582084455125E9">
    <skipped/>
  </testcase> <!-- @BeforeMethod startExtent -->
  <testcase classname="common.WebAPI" name="@AfterMethod afterEachTestMethod" time="-1.582084455126E9">
    <skipped/>
  </testcase> <!-- @AfterMethod afterEachTestMethod -->
  <testcase classname="common.WebAPI" name="@BeforeMethod setUp" time="-1.582084455127E9">
    <skipped/>
  </testcase> <!-- @BeforeMethod setUp -->
  <testcase classname="common.WebAPI" name="@BeforeMethod startExtent" time="-1.582084455127E9">
    <skipped/>
  </testcase> <!-- @BeforeMethod startExtent -->
  <testcase classname="common.WebAPI" name="@AfterMethod afterEachTestMethod" time="-1.582084455127E9">
    <skipped/>
  </testcase> <!-- @AfterMethod afterEachTestMethod -->
  <testcase classname="common.WebAPI" name="@BeforeMethod setUp" time="-1.582084455128E9">
    <skipped/>
  </testcase> <!-- @BeforeMethod setUp -->
  <testcase classname="common.WebAPI" name="@BeforeMethod startExtent" time="-1.582084455128E9">
    <skipped/>
  </testcase> <!-- @BeforeMethod startExtent -->
  <testcase classname="common.WebAPI" name="@AfterMethod afterEachTestMethod" time="-1.582084455129E9">
    <skipped/>
  </testcase> <!-- @AfterMethod afterEachTestMethod -->
  <testcase classname="common.WebAPI" name="@BeforeMethod setUp" time="-1.582084455129E9">
    <skipped/>
  </testcase> <!-- @BeforeMethod setUp -->
  <testcase classname="common.WebAPI" name="@BeforeMethod startExtent" time="-1.58208445513E9">
    <skipped/>
  </testcase> <!-- @BeforeMethod startExtent -->
  <testcase classname="common.WebAPI" name="@AfterMethod afterEachTestMethod" time="-1.58208445513E9">
    <skipped/>
  </testcase> <!-- @AfterMethod afterEachTestMethod -->
  <testcase classname="common.WebAPI" name="@BeforeMethod setUp" time="-1.582084455131E9">
    <skipped/>
  </testcase> <!-- @BeforeMethod setUp -->
  <testcase classname="common.WebAPI" name="@BeforeMethod startExtent" time="-1.582084455131E9">
    <skipped/>
  </testcase> <!-- @BeforeMethod startExtent -->
  <testcase classname="common.WebAPI" name="@AfterMethod afterEachTestMethod" time="-1.582084455132E9">
    <skipped/>
  </testcase> <!-- @AfterMethod afterEachTestMethod -->
  <testcase classname="common.WebAPI" name="@BeforeMethod setUp" time="-1.582084455133E9">
    <skipped/>
  </testcase> <!-- @BeforeMethod setUp -->
  <testcase classname="common.WebAPI" name="@BeforeMethod startExtent" time="-1.582084455133E9">
    <skipped/>
  </testcase> <!-- @BeforeMethod startExtent -->
  <testcase classname="common.WebAPI" name="@AfterMethod afterEachTestMethod" time="-1.582084455133E9">
    <skipped/>
  </testcase> <!-- @AfterMethod afterEachTestMethod -->
  <testcase classname="common.WebAPI" name="@BeforeMethod setUp" time="-1.582084455133E9">
    <skipped/>
  </testcase> <!-- @BeforeMethod setUp -->
  <testcase classname="common.WebAPI" name="@BeforeMethod startExtent" time="-1.582084455134E9">
    <skipped/>
  </testcase> <!-- @BeforeMethod startExtent -->
  <testcase classname="common.WebAPI" name="@AfterMethod afterEachTestMethod" time="-1.582084455134E9">
    <skipped/>
  </testcase> <!-- @AfterMethod afterEachTestMethod -->
  <testcase classname="common.WebAPI" name="@BeforeMethod setUp" time="-1.582084455135E9">
    <skipped/>
  </testcase> <!-- @BeforeMethod setUp -->
  <testcase classname="common.WebAPI" name="@BeforeMethod startExtent" time="-1.582084455135E9">
    <skipped/>
  </testcase> <!-- @BeforeMethod startExtent -->
  <testcase classname="common.WebAPI" name="@AfterMethod afterEachTestMethod" time="-1.582084455136E9">
    <skipped/>
  </testcase> <!-- @AfterMethod afterEachTestMethod -->
  <testcase classname="common.WebAPI" name="@BeforeMethod setUp" time="-1.582084455137E9">
    <skipped/>
  </testcase> <!-- @BeforeMethod setUp -->
  <testcase classname="common.WebAPI" name="@BeforeMethod startExtent" time="-1.582084455137E9">
    <skipped/>
  </testcase> <!-- @BeforeMethod startExtent -->
  <testcase classname="common.WebAPI" name="@AfterMethod afterEachTestMethod" time="-1.582084455137E9">
    <skipped/>
  </testcase> <!-- @AfterMethod afterEachTestMethod -->
  <testcase classname="common.WebAPI" name="@BeforeMethod setUp" time="-1.582084455137E9">
    <skipped/>
  </testcase> <!-- @BeforeMethod setUp -->
  <testcase classname="common.WebAPI" name="@BeforeMethod startExtent" time="-1.582084455138E9">
    <skipped/>
  </testcase> <!-- @BeforeMethod startExtent -->
  <testcase classname="common.WebAPI" name="@AfterMethod afterEachTestMethod" time="-1.582084455138E9">
    <skipped/>
  </testcase> <!-- @AfterMethod afterEachTestMethod -->
  <testcase classname="common.WebAPI" name="@BeforeMethod setUp" time="-1.582084455139E9">
    <skipped/>
  </testcase> <!-- @BeforeMethod setUp -->
  <testcase classname="common.WebAPI" name="@BeforeMethod startExtent" time="-1.582084455139E9">
    <skipped/>
  </testcase> <!-- @BeforeMethod startExtent -->
  <testcase classname="common.WebAPI" name="@AfterMethod afterEachTestMethod" time="-1.58208445514E9">
    <skipped/>
  </testcase> <!-- @AfterMethod afterEachTestMethod -->
  <testcase classname="common.WebAPI" name="@BeforeMethod setUp" time="-1.582084455141E9">
    <skipped/>
  </testcase> <!-- @BeforeMethod setUp -->
  <testcase classname="common.WebAPI" name="@BeforeMethod startExtent" time="-1.582084455141E9">
    <skipped/>
  </testcase> <!-- @BeforeMethod startExtent -->
  <testcase classname="common.WebAPI" name="@AfterMethod afterEachTestMethod" time="-1.582084455141E9">
    <skipped/>
  </testcase> <!-- @AfterMethod afterEachTestMethod -->
  <testcase classname="common.WebAPI" name="@BeforeMethod setUp" time="-1.582084455141E9">
    <skipped/>
  </testcase> <!-- @BeforeMethod setUp -->
  <testcase classname="common.WebAPI" name="@BeforeMethod startExtent" time="-1.582084455142E9">
    <skipped/>
  </testcase> <!-- @BeforeMethod startExtent -->
  <testcase classname="common.WebAPI" name="@AfterMethod afterEachTestMethod" time="-1.582084455143E9">
    <skipped/>
  </testcase> <!-- @AfterMethod afterEachTestMethod -->
  <testcase classname="common.WebAPI" name="@BeforeMethod setUp" time="-1.582084455143E9">
    <skipped/>
  </testcase> <!-- @BeforeMethod setUp -->
  <testcase classname="common.WebAPI" name="@BeforeMethod startExtent" time="-1.582084455144E9">
    <skipped/>
  </testcase> <!-- @BeforeMethod startExtent -->
  <testcase classname="common.WebAPI" name="@AfterMethod afterEachTestMethod" time="-1.582084455144E9">
    <skipped/>
  </testcase> <!-- @AfterMethod afterEachTestMethod -->
  <testcase classname="common.WebAPI" name="@BeforeMethod setUp" time="-1.582084455145E9">
    <skipped/>
  </testcase> <!-- @BeforeMethod setUp -->
  <testcase classname="common.WebAPI" name="@BeforeMethod startExtent" time="-1.582084455145E9">
    <skipped/>
  </testcase> <!-- @BeforeMethod startExtent -->
  <testcase classname="common.WebAPI" name="@AfterMethod afterEachTestMethod" time="-1.582084455145E9">
    <skipped/>
  </testcase> <!-- @AfterMethod afterEachTestMethod -->
  <testcase classname="common.WebAPI" name="@BeforeMethod setUp" time="-1.582084455146E9">
    <skipped/>
  </testcase> <!-- @BeforeMethod setUp -->
  <testcase classname="common.WebAPI" name="@BeforeMethod startExtent" time="-1.582084455146E9">
    <skipped/>
  </testcase> <!-- @BeforeMethod startExtent -->
  <testcase classname="common.WebAPI" name="@AfterMethod afterEachTestMethod" time="-1.582084455147E9">
    <skipped/>
  </testcase> <!-- @AfterMethod afterEachTestMethod -->
  <testcase classname="common.WebAPI" name="@BeforeMethod setUp" time="-1.582084455147E9">
    <skipped/>
  </testcase> <!-- @BeforeMethod setUp -->
  <testcase classname="common.WebAPI" name="@BeforeMethod startExtent" time="-1.582084455147E9">
    <skipped/>
  </testcase> <!-- @BeforeMethod startExtent -->
  <testcase classname="common.WebAPI" name="@AfterMethod afterEachTestMethod" time="-1.582084455148E9">
    <skipped/>
  </testcase> <!-- @AfterMethod afterEachTestMethod -->
  <testcase classname="common.WebAPI" name="@BeforeMethod setUp" time="-1.582084455149E9">
    <skipped/>
  </testcase> <!-- @BeforeMethod setUp -->
  <testcase classname="common.WebAPI" name="@BeforeMethod startExtent" time="-1.582084455149E9">
    <skipped/>
  </testcase> <!-- @BeforeMethod startExtent -->
  <testcase classname="common.WebAPI" name="@AfterMethod afterEachTestMethod" time="-1.582084455149E9">
    <skipped/>
  </testcase> <!-- @AfterMethod afterEachTestMethod -->
  <testcase classname="common.WebAPI" name="@BeforeMethod setUp" time="-1.58208445515E9">
    <skipped/>
  </testcase> <!-- @BeforeMethod setUp -->
  <testcase classname="common.WebAPI" name="@BeforeMethod startExtent" time="-1.58208445515E9">
    <skipped/>
  </testcase> <!-- @BeforeMethod startExtent -->
  <testcase classname="common.WebAPI" name="@AfterMethod afterEachTestMethod" time="-1.58208445515E9">
    <skipped/>
  </testcase> <!-- @AfterMethod afterEachTestMethod -->
  <testcase classname="common.WebAPI" name="@BeforeMethod setUp" time="-1.582084455151E9">
    <skipped/>
  </testcase> <!-- @BeforeMethod setUp -->
  <testcase classname="common.WebAPI" name="@BeforeMethod startExtent" time="-1.582084455151E9">
    <skipped/>
  </testcase> <!-- @BeforeMethod startExtent -->
  <testcase classname="common.WebAPI" name="@AfterMethod afterEachTestMethod" time="-1.582084455151E9">
    <skipped/>
  </testcase> <!-- @AfterMethod afterEachTestMethod -->
  <testcase classname="common.WebAPI" name="@BeforeMethod setUp" time="-1.582084455151E9">
    <skipped/>
  </testcase> <!-- @BeforeMethod setUp -->
  <testcase classname="common.WebAPI" name="@BeforeMethod startExtent" time="-1.582084455151E9">
    <skipped/>
  </testcase> <!-- @BeforeMethod startExtent -->
  <testcase classname="common.WebAPI" name="@AfterMethod afterEachTestMethod" time="-1.582084455154E9">
    <skipped/>
  </testcase> <!-- @AfterMethod afterEachTestMethod -->
  <testcase classname="common.WebAPI" name="@BeforeMethod setUp" time="-1.582084455155E9">
    <skipped/>
  </testcase> <!-- @BeforeMethod setUp -->
  <testcase classname="common.WebAPI" name="@BeforeMethod startExtent" time="-1.582084455155E9">
    <skipped/>
  </testcase> <!-- @BeforeMethod startExtent -->
  <testcase classname="common.WebAPI" name="@AfterMethod afterEachTestMethod" time="-1.582084455156E9">
    <skipped/>
  </testcase> <!-- @AfterMethod afterEachTestMethod -->
  <testcase classname="common.WebAPI" name="@BeforeMethod setUp" time="-1.582084455157E9">
    <skipped/>
  </testcase> <!-- @BeforeMethod setUp -->
  <testcase classname="common.WebAPI" name="@BeforeMethod startExtent" time="-1.582084455157E9">
    <skipped/>
  </testcase> <!-- @BeforeMethod startExtent -->
  <testcase classname="common.WebAPI" name="@AfterMethod afterEachTestMethod" time="-1.582084455157E9">
    <skipped/>
  </testcase> <!-- @AfterMethod afterEachTestMethod -->
  <testcase classname="common.WebAPI" name="@BeforeMethod setUp" time="-1.582084455158E9">
    <skipped/>
  </testcase> <!-- @BeforeMethod setUp -->
  <testcase classname="common.WebAPI" name="@BeforeMethod startExtent" time="-1.582084455158E9">
    <skipped/>
  </testcase> <!-- @BeforeMethod startExtent -->
  <testcase classname="common.WebAPI" name="@AfterMethod afterEachTestMethod" time="-1.582084455158E9">
    <skipped/>
  </testcase> <!-- @AfterMethod afterEachTestMethod -->
  <testcase classname="common.WebAPI" name="@BeforeMethod setUp" time="-1.582084455158E9">
    <skipped/>
  </testcase> <!-- @BeforeMethod setUp -->
  <testcase classname="common.WebAPI" name="@BeforeMethod startExtent" time="-1.582084455158E9">
    <skipped/>
  </testcase> <!-- @BeforeMethod startExtent -->
  <testcase classname="common.WebAPI" name="@AfterMethod afterEachTestMethod" time="-1.582084455158E9">
    <skipped/>
  </testcase> <!-- @AfterMethod afterEachTestMethod -->
  <testcase classname="common.WebAPI" name="@BeforeMethod setUp" time="-1.582084455158E9">
    <skipped/>
  </testcase> <!-- @BeforeMethod setUp -->
  <testcase classname="common.WebAPI" name="@BeforeMethod startExtent" time="-1.582084455158E9">
    <skipped/>
  </testcase> <!-- @BeforeMethod startExtent -->
  <testcase classname="common.WebAPI" name="@AfterMethod afterEachTestMethod" time="-1.582084455162E9">
    <skipped/>
  </testcase> <!-- @AfterMethod afterEachTestMethod -->
  <testcase classname="common.WebAPI" name="@BeforeMethod setUp" time="-1.582084455162E9">
    <skipped/>
  </testcase> <!-- @BeforeMethod setUp -->
  <testcase classname="common.WebAPI" name="@BeforeMethod startExtent" time="-1.582084455162E9">
    <skipped/>
  </testcase> <!-- @BeforeMethod startExtent -->
  <testcase classname="common.WebAPI" name="@AfterMethod afterEachTestMethod" time="-1.582084455162E9">
    <skipped/>
  </testcase> <!-- @AfterMethod afterEachTestMethod -->
  <testcase classname="common.WebAPI" name="@BeforeMethod setUp" time="-1.582084455162E9">
    <skipped/>
  </testcase> <!-- @BeforeMethod setUp -->
  <testcase classname="common.WebAPI" name="@BeforeMethod startExtent" time="-1.582084455162E9">
    <skipped/>
  </testcase> <!-- @BeforeMethod startExtent -->
  <testcase classname="common.WebAPI" name="@AfterMethod afterEachTestMethod" time="-1.582084455162E9">
    <skipped/>
  </testcase> <!-- @AfterMethod afterEachTestMethod -->
  <testcase classname="common.WebAPI" name="@BeforeMethod setUp" time="-1.582084455166E9">
    <skipped/>
  </testcase> <!-- @BeforeMethod setUp -->
  <testcase classname="common.WebAPI" name="@BeforeMethod startExtent" time="-1.582084455166E9">
    <skipped/>
  </testcase> <!-- @BeforeMethod startExtent -->
  <testcase classname="common.WebAPI" name="@AfterMethod afterEachTestMethod" time="-1.582084455166E9">
    <skipped/>
  </testcase> <!-- @AfterMethod afterEachTestMethod -->
  <testcase classname="common.WebAPI" name="@BeforeMethod setUp" time="-1.582084455169E9">
    <skipped/>
  </testcase> <!-- @BeforeMethod setUp -->
  <testcase classname="common.WebAPI" name="@BeforeMethod startExtent" time="-1.58208445517E9">
    <skipped/>
  </testcase> <!-- @BeforeMethod startExtent -->
  <testcase classname="common.WebAPI" name="@AfterMethod afterEachTestMethod" time="-1.58208445517E9">
    <skipped/>
  </testcase> <!-- @AfterMethod afterEachTestMethod -->
  <testcase classname="common.WebAPI" name="@BeforeMethod setUp" time="-1.582084455171E9">
    <skipped/>
  </testcase> <!-- @BeforeMethod setUp -->
  <testcase classname="common.WebAPI" name="@BeforeMethod startExtent" time="-1.582084455171E9">
    <skipped/>
  </testcase> <!-- @BeforeMethod startExtent -->
  <testcase classname="common.WebAPI" name="@AfterMethod afterEachTestMethod" time="-1.582084455171E9">
    <skipped/>
  </testcase> <!-- @AfterMethod afterEachTestMethod -->
  <testcase classname="common.WebAPI" name="@BeforeMethod setUp" time="-1.582084455172E9">
    <skipped/>
  </testcase> <!-- @BeforeMethod setUp -->
  <testcase classname="common.WebAPI" name="@BeforeMethod startExtent" time="-1.582084455173E9">
    <skipped/>
  </testcase> <!-- @BeforeMethod startExtent -->
  <testcase classname="common.WebAPI" name="@AfterMethod afterEachTestMethod" time="-1.582084455173E9">
    <skipped/>
  </testcase> <!-- @AfterMethod afterEachTestMethod -->
  <testcase classname="common.WebAPI" name="@BeforeMethod setUp" time="-1.582084455174E9">
    <skipped/>
  </testcase> <!-- @BeforeMethod setUp -->
  <testcase classname="common.WebAPI" name="@BeforeMethod startExtent" time="-1.582084455174E9">
    <skipped/>
  </testcase> <!-- @BeforeMethod startExtent -->
  <testcase classname="common.WebAPI" name="@AfterMethod afterEachTestMethod" time="-1.582084455174E9">
    <skipped/>
  </testcase> <!-- @AfterMethod afterEachTestMethod -->
  <testcase classname="common.WebAPI" name="@BeforeMethod setUp" time="-1.582084455175E9">
    <skipped/>
  </testcase> <!-- @BeforeMethod setUp -->
  <testcase classname="common.WebAPI" name="@BeforeMethod startExtent" time="-1.582084455175E9">
    <skipped/>
  </testcase> <!-- @BeforeMethod startExtent -->
  <testcase classname="common.WebAPI" name="@AfterMethod afterEachTestMethod" time="-1.582084455176E9">
    <skipped/>
  </testcase> <!-- @AfterMethod afterEachTestMethod -->
  <testcase classname="common.WebAPI" name="@BeforeMethod setUp" time="-1.582084455177E9">
    <skipped/>
  </testcase> <!-- @BeforeMethod setUp -->
  <testcase classname="common.WebAPI" name="@BeforeMethod startExtent" time="-1.582084455177E9">
    <skipped/>
  </testcase> <!-- @BeforeMethod startExtent -->
  <testcase classname="common.WebAPI" name="@AfterMethod afterEachTestMethod" time="-1.582084455177E9">
    <skipped/>
  </testcase> <!-- @AfterMethod afterEachTestMethod -->
  <testcase classname="common.WebAPI" name="@BeforeMethod setUp" time="-1.582084455178E9">
    <skipped/>
  </testcase> <!-- @BeforeMethod setUp -->
  <testcase classname="common.WebAPI" name="@BeforeMethod startExtent" time="-1.582084455178E9">
    <skipped/>
  </testcase> <!-- @BeforeMethod startExtent -->
  <testcase classname="common.WebAPI" name="@AfterMethod afterEachTestMethod" time="-1.582084455178E9">
    <skipped/>
  </testcase> <!-- @AfterMethod afterEachTestMethod -->
  <testcase classname="common.WebAPI" name="@BeforeMethod setUp" time="-1.582084455179E9">
    <skipped/>
  </testcase> <!-- @BeforeMethod setUp -->
  <testcase classname="common.WebAPI" name="@BeforeMethod startExtent" time="-1.582084455179E9">
    <skipped/>
  </testcase> <!-- @BeforeMethod startExtent -->
  <testcase classname="common.WebAPI" name="@AfterMethod afterEachTestMethod" time="-1.58208445518E9">
    <skipped/>
  </testcase> <!-- @AfterMethod afterEachTestMethod -->
  <testcase classname="common.WebAPI" name="@BeforeMethod setUp" time="-1.58208445518E9">
    <skipped/>
  </testcase> <!-- @BeforeMethod setUp -->
  <testcase classname="common.WebAPI" name="@BeforeMethod startExtent" time="-1.58208445518E9">
    <skipped/>
  </testcase> <!-- @BeforeMethod startExtent -->
  <testcase classname="common.WebAPI" name="@AfterMethod afterEachTestMethod" time="-1.582084455181E9">
    <skipped/>
  </testcase> <!-- @AfterMethod afterEachTestMethod -->
  <testcase classname="common.WebAPI" name="@BeforeMethod setUp" time="-1.582084455181E9">
    <skipped/>
  </testcase> <!-- @BeforeMethod setUp -->
  <testcase classname="common.WebAPI" name="@BeforeMethod startExtent" time="-1.582084455181E9">
    <skipped/>
  </testcase> <!-- @BeforeMethod startExtent -->
  <testcase classname="common.WebAPI" name="@AfterMethod afterEachTestMethod" time="-1.582084455182E9">
    <skipped/>
  </testcase> <!-- @AfterMethod afterEachTestMethod -->
  <testcase classname="common.WebAPI" name="@BeforeMethod setUp" time="-1.582084455182E9">
    <skipped/>
  </testcase> <!-- @BeforeMethod setUp -->
  <testcase classname="common.WebAPI" name="@BeforeMethod startExtent" time="-1.582084455182E9">
    <skipped/>
  </testcase> <!-- @BeforeMethod startExtent -->
  <testcase classname="common.WebAPI" name="@AfterMethod afterEachTestMethod" time="-1.582084455183E9">
    <skipped/>
  </testcase> <!-- @AfterMethod afterEachTestMethod -->
  <testcase classname="common.WebAPI" name="@BeforeMethod setUp" time="-1.582084455184E9">
    <skipped/>
  </testcase> <!-- @BeforeMethod setUp -->
  <testcase classname="common.WebAPI" name="@BeforeMethod startExtent" time="-1.582084455184E9">
    <skipped/>
  </testcase> <!-- @BeforeMethod startExtent -->
  <testcase classname="common.WebAPI" name="@AfterMethod afterEachTestMethod" time="-1.582084455185E9">
    <skipped/>
  </testcase> <!-- @AfterMethod afterEachTestMethod -->
  <testcase classname="common.WebAPI" name="@BeforeMethod setUp" time="-1.582084455185E9">
    <skipped/>
  </testcase> <!-- @BeforeMethod setUp -->
  <testcase classname="common.WebAPI" name="@BeforeMethod startExtent" time="-1.582084455185E9">
    <skipped/>
  </testcase> <!-- @BeforeMethod startExtent -->
  <testcase classname="common.WebAPI" name="@AfterMethod afterEachTestMethod" time="-1.582084455186E9">
    <skipped/>
  </testcase> <!-- @AfterMethod afterEachTestMethod -->
  <testcase classname="common.WebAPI" name="@BeforeMethod setUp" time="-1.582084455186E9">
    <skipped/>
  </testcase> <!-- @BeforeMethod setUp -->
  <testcase classname="common.WebAPI" name="@BeforeMethod startExtent" time="-1.582084455186E9">
    <skipped/>
  </testcase> <!-- @BeforeMethod startExtent -->
  <testcase classname="common.WebAPI" name="@AfterMethod afterEachTestMethod" time="-1.582084455186E9">
    <skipped/>
  </testcase> <!-- @AfterMethod afterEachTestMethod -->
  <testcase classname="common.WebAPI" name="@BeforeMethod setUp" time="-1.582084455187E9">
    <skipped/>
  </testcase> <!-- @BeforeMethod setUp -->
  <testcase classname="common.WebAPI" name="@BeforeMethod startExtent" time="-1.582084455187E9">
    <skipped/>
  </testcase> <!-- @BeforeMethod startExtent -->
  <testcase classname="common.WebAPI" name="@AfterMethod afterEachTestMethod" time="-1.582084455188E9">
    <skipped/>
  </testcase> <!-- @AfterMethod afterEachTestMethod -->
  <testcase classname="common.WebAPI" name="@BeforeMethod setUp" time="-1.582084455188E9">
    <skipped/>
  </testcase> <!-- @BeforeMethod setUp -->
  <testcase classname="common.WebAPI" name="@BeforeMethod startExtent" time="-1.582084455189E9">
    <skipped/>
  </testcase> <!-- @BeforeMethod startExtent -->
  <testcase classname="common.WebAPI" name="@AfterMethod afterEachTestMethod" time="-1.582084455189E9">
    <skipped/>
  </testcase> <!-- @AfterMethod afterEachTestMethod -->
  <testcase classname="common.WebAPI" name="@BeforeMethod setUp" time="-1.582084455189E9">
    <skipped/>
  </testcase> <!-- @BeforeMethod setUp -->
  <testcase classname="common.WebAPI" name="@BeforeMethod startExtent" time="-1.582084455189E9">
    <skipped/>
  </testcase> <!-- @BeforeMethod startExtent -->
  <testcase classname="common.WebAPI" name="@AfterMethod afterEachTestMethod" time="-1.58208445519E9">
    <skipped/>
  </testcase> <!-- @AfterMethod afterEachTestMethod -->
  <testcase classname="common.WebAPI" name="@BeforeMethod setUp" time="-1.58208445519E9">
    <skipped/>
  </testcase> <!-- @BeforeMethod setUp -->
  <testcase classname="common.WebAPI" name="@BeforeMethod startExtent" time="-1.58208445519E9">
    <skipped/>
  </testcase> <!-- @BeforeMethod startExtent -->
  <testcase classname="common.WebAPI" name="@AfterMethod afterEachTestMethod" time="-1.58208445519E9">
    <skipped/>
  </testcase> <!-- @AfterMethod afterEachTestMethod -->
  <testcase classname="common.WebAPI" name="@BeforeMethod setUp" time="-1.582084455191E9">
    <skipped/>
  </testcase> <!-- @BeforeMethod setUp -->
  <testcase classname="common.WebAPI" name="@BeforeMethod startExtent" time="-1.582084455191E9">
    <skipped/>
  </testcase> <!-- @BeforeMethod startExtent -->
  <testcase classname="common.WebAPI" name="@AfterMethod afterEachTestMethod" time="-1.582084455192E9">
    <skipped/>
  </testcase> <!-- @AfterMethod afterEachTestMethod -->
  <testcase classname="common.WebAPI" name="@BeforeMethod setUp" time="-1.582084455192E9">
    <skipped/>
  </testcase> <!-- @BeforeMethod setUp -->
  <testcase classname="common.WebAPI" name="@BeforeMethod startExtent" time="-1.582084455192E9">
    <skipped/>
  </testcase> <!-- @BeforeMethod startExtent -->
  <testcase classname="common.WebAPI" name="@AfterMethod afterEachTestMethod" time="-1.582084455193E9">
    <skipped/>
  </testcase> <!-- @AfterMethod afterEachTestMethod -->
  <testcase classname="common.WebAPI" name="@BeforeMethod setUp" time="-1.582084455193E9">
    <skipped/>
  </testcase> <!-- @BeforeMethod setUp -->
  <testcase classname="common.WebAPI" name="@BeforeMethod startExtent" time="-1.582084455193E9">
    <skipped/>
  </testcase> <!-- @BeforeMethod startExtent -->
  <testcase classname="common.WebAPI" name="@AfterMethod afterEachTestMethod" time="-1.582084455194E9">
    <skipped/>
  </testcase> <!-- @AfterMethod afterEachTestMethod -->
  <testcase classname="common.WebAPI" name="@BeforeMethod setUp" time="-1.582084455194E9">
    <skipped/>
  </testcase> <!-- @BeforeMethod setUp -->
  <testcase classname="common.WebAPI" name="@BeforeMethod startExtent" time="-1.582084455194E9">
    <skipped/>
  </testcase> <!-- @BeforeMethod startExtent -->
  <testcase classname="common.WebAPI" name="@AfterMethod afterEachTestMethod" time="-1.582084455195E9">
    <skipped/>
  </testcase> <!-- @AfterMethod afterEachTestMethod -->
  <testcase classname="common.WebAPI" name="@BeforeMethod setUp" time="-1.582084455195E9">
    <skipped/>
  </testcase> <!-- @BeforeMethod setUp -->
  <testcase classname="common.WebAPI" name="@BeforeMethod startExtent" time="-1.582084455195E9">
    <skipped/>
  </testcase> <!-- @BeforeMethod startExtent -->
  <testcase classname="common.WebAPI" name="@AfterMethod afterEachTestMethod" time="-1.582084455196E9">
    <skipped/>
  </testcase> <!-- @AfterMethod afterEachTestMethod -->
  <testcase classname="common.WebAPI" name="@BeforeMethod setUp" time="-1.582084455196E9">
    <skipped/>
  </testcase> <!-- @BeforeMethod setUp -->
  <testcase classname="common.WebAPI" name="@BeforeMethod startExtent" time="-1.582084455196E9">
    <skipped/>
  </testcase> <!-- @BeforeMethod startExtent -->
  <testcase classname="common.WebAPI" name="@AfterMethod afterEachTestMethod" time="-1.582084455197E9">
    <skipped/>
  </testcase> <!-- @AfterMethod afterEachTestMethod -->
  <testcase classname="common.WebAPI" name="@BeforeMethod setUp" time="-1.582084455197E9">
    <skipped/>
  </testcase> <!-- @BeforeMethod setUp -->
  <testcase classname="common.WebAPI" name="@BeforeMethod startExtent" time="-1.582084455197E9">
    <skipped/>
  </testcase> <!-- @BeforeMethod startExtent -->
  <testcase classname="common.WebAPI" name="@AfterMethod afterEachTestMethod" time="-1.582084455198E9">
    <skipped/>
  </testcase> <!-- @AfterMethod afterEachTestMethod -->
  <testcase classname="common.WebAPI" name="@BeforeMethod setUp" time="-1.582084455198E9">
    <skipped/>
  </testcase> <!-- @BeforeMethod setUp -->
  <testcase classname="common.WebAPI" name="@BeforeMethod startExtent" time="-1.582084455198E9">
    <skipped/>
  </testcase> <!-- @BeforeMethod startExtent -->
  <testcase classname="common.WebAPI" name="@AfterMethod afterEachTestMethod" time="-1.582084455198E9">
    <skipped/>
  </testcase> <!-- @AfterMethod afterEachTestMethod -->
  <testcase classname="common.WebAPI" name="@BeforeMethod setUp" time="-1.582084455199E9">
    <skipped/>
  </testcase> <!-- @BeforeMethod setUp -->
  <testcase classname="common.WebAPI" name="@BeforeMethod startExtent" time="-1.582084455199E9">
    <skipped/>
  </testcase> <!-- @BeforeMethod startExtent -->
  <testcase classname="common.WebAPI" name="@AfterMethod afterEachTestMethod" time="-1.5820844552E9">
    <skipped/>
  </testcase> <!-- @AfterMethod afterEachTestMethod -->
  <testcase classname="common.WebAPI" name="@BeforeMethod setUp" time="-1.5820844552E9">
    <skipped/>
  </testcase> <!-- @BeforeMethod setUp -->
  <testcase classname="common.WebAPI" name="@BeforeMethod startExtent" time="-1.5820844552E9">
    <skipped/>
  </testcase> <!-- @BeforeMethod startExtent -->
  <testcase classname="common.WebAPI" name="@AfterMethod afterEachTestMethod" time="-1.5820844552E9">
    <skipped/>
  </testcase> <!-- @AfterMethod afterEachTestMethod -->
  <testcase classname="common.WebAPI" name="@BeforeMethod setUp" time="-1.582084455201E9">
    <skipped/>
  </testcase> <!-- @BeforeMethod setUp -->
  <testcase classname="common.WebAPI" name="@BeforeMethod startExtent" time="-1.582084455201E9">
    <skipped/>
  </testcase> <!-- @BeforeMethod startExtent -->
  <testcase classname="common.WebAPI" name="@AfterMethod afterEachTestMethod" time="-1.582084455201E9">
    <skipped/>
  </testcase> <!-- @AfterMethod afterEachTestMethod -->
  <testcase classname="common.WebAPI" name="@BeforeMethod setUp" time="-1.582084455202E9">
    <skipped/>
  </testcase> <!-- @BeforeMethod setUp -->
  <testcase classname="common.WebAPI" name="@BeforeMethod startExtent" time="-1.582084455202E9">
    <skipped/>
  </testcase> <!-- @BeforeMethod startExtent -->
  <testcase classname="common.WebAPI" name="@AfterMethod afterEachTestMethod" time="-1.582084455202E9">
    <skipped/>
  </testcase> <!-- @AfterMethod afterEachTestMethod -->
  <testcase classname="common.WebAPI" name="@BeforeMethod setUp" time="-1.582084455203E9">
    <skipped/>
  </testcase> <!-- @BeforeMethod setUp -->
  <testcase classname="common.WebAPI" name="@BeforeMethod startExtent" time="-1.582084455203E9">
    <skipped/>
  </testcase> <!-- @BeforeMethod startExtent -->
  <testcase classname="common.WebAPI" name="@AfterMethod afterEachTestMethod" time="-1.582084455203E9">
    <skipped/>
  </testcase> <!-- @AfterMethod afterEachTestMethod -->
  <testcase classname="common.WebAPI" name="@BeforeMethod setUp" time="-1.582084455204E9">
    <skipped/>
  </testcase> <!-- @BeforeMethod setUp -->
  <testcase classname="common.WebAPI" name="@BeforeMethod startExtent" time="-1.582084455204E9">
    <skipped/>
  </testcase> <!-- @BeforeMethod startExtent -->
  <testcase classname="common.WebAPI" name="@AfterMethod afterEachTestMethod" time="-1.582084455205E9">
    <skipped/>
  </testcase> <!-- @AfterMethod afterEachTestMethod -->
  <testcase classname="common.WebAPI" name="@BeforeMethod setUp" time="-1.582084455206E9">
    <skipped/>
  </testcase> <!-- @BeforeMethod setUp -->
  <testcase classname="common.WebAPI" name="@BeforeMethod startExtent" time="-1.582084455206E9">
    <skipped/>
  </testcase> <!-- @BeforeMethod startExtent -->
  <testcase classname="common.WebAPI" name="@AfterMethod afterEachTestMethod" time="-1.582084455206E9">
    <skipped/>
  </testcase> <!-- @AfterMethod afterEachTestMethod -->
  <testcase classname="common.WebAPI" name="@BeforeMethod setUp" time="-1.582084455207E9">
    <skipped/>
  </testcase> <!-- @BeforeMethod setUp -->
  <testcase classname="common.WebAPI" name="@BeforeMethod startExtent" time="-1.582084455207E9">
    <skipped/>
  </testcase> <!-- @BeforeMethod startExtent -->
  <testcase classname="common.WebAPI" name="@AfterMethod afterEachTestMethod" time="-1.582084455208E9">
    <skipped/>
  </testcase> <!-- @AfterMethod afterEachTestMethod -->
  <testcase classname="common.WebAPI" name="@BeforeMethod setUp" time="-1.582084455208E9">
    <skipped/>
  </testcase> <!-- @BeforeMethod setUp -->
  <testcase classname="common.WebAPI" name="@BeforeMethod startExtent" time="-1.582084455208E9">
    <skipped/>
  </testcase> <!-- @BeforeMethod startExtent -->
  <testcase classname="common.WebAPI" name="@AfterMethod afterEachTestMethod" time="-1.582084455209E9">
    <skipped/>
  </testcase> <!-- @AfterMethod afterEachTestMethod -->
  <testcase classname="common.WebAPI" name="@BeforeMethod setUp" time="-1.582084455209E9">
    <skipped/>
  </testcase> <!-- @BeforeMethod setUp -->
  <testcase classname="common.WebAPI" name="@BeforeMethod startExtent" time="-1.58208445521E9">
    <skipped/>
  </testcase> <!-- @BeforeMethod startExtent -->
  <testcase classname="common.WebAPI" name="@AfterMethod afterEachTestMethod" time="-1.58208445521E9">
    <skipped/>
  </testcase> <!-- @AfterMethod afterEachTestMethod -->
  <testcase classname="common.WebAPI" name="@BeforeMethod setUp" time="-1.58208445521E9">
    <skipped/>
  </testcase> <!-- @BeforeMethod setUp -->
  <testcase classname="common.WebAPI" name="@BeforeMethod startExtent" time="-1.582084455211E9">
    <skipped/>
  </testcase> <!-- @BeforeMethod startExtent -->
  <testcase classname="common.WebAPI" name="@AfterMethod afterEachTestMethod" time="-1.582084455211E9">
    <skipped/>
  </testcase> <!-- @AfterMethod afterEachTestMethod -->
  <testcase classname="testhomepage.TestHomePage" name="testSearchButton" time="10.288">
    <failure type="org.openqa.selenium.NoSuchElementException" message="no such element: Unable to locate element: {&amp;quot;method&amp;quot;:&amp;quot;xpath&amp;quot;,&amp;quot;selector&amp;quot;:&amp;quot;//input[@id=&amp;apos;twotabsearchtextbox&amp;apos;]&amp;quot;}
  (Session info: chrome=80.0.3987.87)
For documentation on this error, please visit: https://www.seleniumhq.org/exceptions/no_such_element.html
Build info: version: &amp;apos;3.141.59&amp;apos;, revision: &amp;apos;e82be7d358&amp;apos;, time: &amp;apos;2018-11-14T08:17:03&amp;apos;
System info: host: &amp;apos;SHUVRO&amp;apos;, ip: &amp;apos;10.11.11.164&amp;apos;, os.name: &amp;apos;Windows 10&amp;apos;, os.arch: &amp;apos;amd64&amp;apos;, os.version: &amp;apos;10.0&amp;apos;, java.version: &amp;apos;13.0.1&amp;apos;
Driver info: org.openqa.selenium.chrome.ChromeDriver
Capabilities {acceptInsecureCerts: false, browserName: chrome, browserVersion: 80.0.3987.87, chrome: {chromedriverVersion: 79.0.3945.36 (3582db32b3389..., userDataDir: C:\Users\mdshu\AppData\Loca...}, goog:chromeOptions: {debuggerAddress: localhost:51584}, javascriptEnabled: true, networkConnectionEnabled: false, pageLoadStrategy: normal, platform: WINDOWS, platformName: WINDOWS, proxy: Proxy(), setWindowRect: true, strictFileInteractability: false, timeouts: {implicit: 0, pageLoad: 300000, script: 30000}, unhandledPromptBehavior: dismiss and notify}
Session ID: d21b1edc762ff696f59795fbe011ffd0
*** Element info: {Using=xpath, value=//input[@id=&amp;apos;twotabsearchtextbox&amp;apos;]}">
      <![CDATA[org.openqa.selenium.NoSuchElementException: no such element: Unable to locate element: {"method":"xpath","selector":"//input[@id='twotabsearchtextbox']"}
  (Session info: chrome=80.0.3987.87)
For documentation on this error, please visit: https://www.seleniumhq.org/exceptions/no_such_element.html
Build info: version: '3.141.59', revision: 'e82be7d358', time: '2018-11-14T08:17:03'
System info: host: 'SHUVRO', ip: '10.11.11.164', os.name: 'Windows 10', os.arch: 'amd64', os.version: '10.0', java.version: '13.0.1'
Driver info: org.openqa.selenium.chrome.ChromeDriver
Capabilities {acceptInsecureCerts: false, browserName: chrome, browserVersion: 80.0.3987.87, chrome: {chromedriverVersion: 79.0.3945.36 (3582db32b3389..., userDataDir: C:\Users\mdshu\AppData\Loca...}, goog:chromeOptions: {debuggerAddress: localhost:51584}, javascriptEnabled: true, networkConnectionEnabled: false, pageLoadStrategy: normal, platform: WINDOWS, platformName: WINDOWS, proxy: Proxy(), setWindowRect: true, strictFileInteractability: false, timeouts: {implicit: 0, pageLoad: 300000, script: 30000}, unhandledPromptBehavior: dismiss and notify}
Session ID: d21b1edc762ff696f59795fbe011ffd0
*** Element info: {Using=xpath, value=//input[@id='twotabsearchtextbox']}
at org.openqa.selenium.remote.http.W3CHttpResponseCodec.createException(W3CHttpResponseCodec.java:187)
at org.openqa.selenium.remote.http.W3CHttpResponseCodec.decode(W3CHttpResponseCodec.java:122)
at org.openqa.selenium.remote.http.W3CHttpResponseCodec.decode(W3CHttpResponseCodec.java:49)
at org.openqa.selenium.remote.HttpCommandExecutor.execute(HttpCommandExecutor.java:158)
at org.openqa.selenium.remote.service.DriverCommandExecutor.execute(DriverCommandExecutor.java:83)
at org.openqa.selenium.remote.RemoteWebDriver.execute(RemoteWebDriver.java:552)
at org.openqa.selenium.remote.RemoteWebDriver.findElement(RemoteWebDriver.java:323)
at org.openqa.selenium.remote.RemoteWebDriver.findElementByXPath(RemoteWebDriver.java:428)
at org.openqa.selenium.By$ByXPath.findElement(By.java:353)
at org.openqa.selenium.remote.RemoteWebDriver.findElement(RemoteWebDriver.java:315)
at org.openqa.selenium.support.pagefactory.DefaultElementLocator.findElement(DefaultElementLocator.java:69)
at org.openqa.selenium.support.pagefactory.internal.LocatingElementHandler.invoke(LocatingElementHandler.java:38)
at com.sun.proxy.$Proxy13.sendKeys(Unknown Source)
at homepage.pageobject.HomePage.clickSearchElementBar(HomePage.java:22)
at testhomepage.TestHomePage.testSearchButton(TestHomePage.java:24)
at java.base/java.util.ArrayList.forEach(ArrayList.java:1507)
... Removed 41 stack frames]]>
    </failure>
  </testcase> <!-- testSearchButton -->
  <testcase classname="testhomepage.TestHomePage" name="testSearchBar" time="0.0">
    <skipped/>
  </testcase> <!-- testSearchBar -->
  <testcase classname="testhomepage.TestHomePage" name="testAccountAndListArrow" time="0.0">
    <skipped/>
  </testcase> <!-- testAccountAndListArrow -->
  <testcase classname="testhomepage.TestHomePage" name="testChangeLanguage" time="0.0">
    <skipped/>
  </testcase> <!-- testChangeLanguage -->
  <testcase classname="testhomepage.TestHomePage" name="checkLocation" time="0.0">
    <skipped/>
  </testcase> <!-- checkLocation -->
  <testcase classname="testhomepage.TestHomePage" name="ClickDropDown" time="0.0">
    <skipped/>
  </testcase> <!-- ClickDropDown -->
  <testcase classname="testhomepage.TestHomePage" name="ClickTodaysDeal" time="0.0">
    <skipped/>
  </testcase> <!-- ClickTodaysDeal -->
  <testcase classname="testhomepage.TestHomePage" name="clickBestSeller" time="0.0">
    <skipped/>
  </testcase> <!-- clickBestSeller -->
  <testcase classname="testhomepage.TestHomePage" name="clickFindAGift" time="0.0">
    <skipped/>
  </testcase> <!-- clickFindAGift -->
  <testcase classname="testhomepage.TestHomePage" name="clickCustomerService" time="0.0">
    <skipped/>
  </testcase> <!-- clickCustomerService -->
  <testcase classname="testhomepage.TestHomePage" name="clickRegistry" time="0.0">
    <skipped/>
  </testcase> <!-- clickRegistry -->
  <testcase classname="testhomepage.TestHomePage" name="clickReleases" time="0.0">
    <skipped/>
  </testcase> <!-- clickReleases -->
  <testcase classname="testhomepage.TestHomePage" name="clickGiftCard" time="0.0">
    <skipped/>
  </testcase> <!-- clickGiftCard -->
  <testcase classname="testhomepage.TestHomePage" name="clickSaveOnAmazonDevice" time="0.0">
    <skipped/>
  </testcase> <!-- clickSaveOnAmazonDevice -->
  <testcase classname="testhomepage.TestHomePage" name="clickCart" time="0.0">
    <skipped/>
  </testcase> <!-- clickCart -->
  <testcase classname="testhomepage.TestHomePage" name="clickShipOutSideUs" time="0.0">
    <skipped/>
  </testcase> <!-- clickShipOutSideUs -->
  <testcase classname="testhomepage.TestHomePage" name="clickShipToJapan" time="0.0">
    <skipped/>
  </testcase> <!-- clickShipToJapan -->
  <testcase classname="testhomepage.TestHomePage" name="clickShipToAustralia" time="0.0">
    <skipped/>
  </testcase> <!-- clickShipToAustralia -->
  <testcase classname="testhomepage.TestHomePage" name="clickShipToMexico" time="0.0">
    <skipped/>
  </testcase> <!-- clickShipToMexico -->
  <testcase classname="testhomepage.TestHomePage" name="clickShipToSingapore" time="0.0">
    <skipped/>
  </testcase> <!-- clickShipToSingapore -->
  <testcase classname="testhomepage.TestHomePage" name="clickShipToBangladesh" time="0.0">
    <skipped/>
  </testcase> <!-- clickShipToBangladesh -->
  <testcase classname="testhomepage.TestHomePage" name="clickShipToUK" time="0.0">
    <skipped/>
  </testcase> <!-- clickShipToUK -->
  <testcase classname="testhomepage.TestHomePage" name="clickShipToAlbania" time="0.0">
    <skipped/>
  </testcase> <!-- clickShipToAlbania -->
  <testcase classname="testhomepage.TestHomePage" name="clickAmazonMusic" time="0.0">
    <skipped/>
  </testcase> <!-- clickAmazonMusic -->
  <testcase classname="testhomepage.TestHomePage" name="clickAmazonMusicUnlimited" time="0.0">
    <skipped/>
  </testcase> <!-- clickAmazonMusicUnlimited -->
  <testcase classname="testhomepage.TestHomePage" name="clickEcoWebElement" time="0.0">
    <skipped/>
  </testcase> <!-- clickEcoWebElement -->
  <testcase classname="testhomepage.TestHomePage" name="testFireTvStick" time="0.0">
    <skipped/>
  </testcase> <!-- testFireTvStick -->
  <testcase classname="testhomepage.TestHomePage" name="testValentineGift" time="0.0">
    <skipped/>
  </testcase> <!-- testValentineGift -->
  <testcase classname="testhomepage.TestHomePage" name="testPhoneExcessories" time="0.0">
    <skipped/>
  </testcase> <!-- testPhoneExcessories -->
  <testcase classname="testhomepage.TestHomePage" name="testCoronaVirus" time="0.0">
    <skipped/>
  </testcase> <!-- testCoronaVirus -->
  <testcase classname="testhomepage.TestHomePage" name="testBabyCloth" time="0.0">
    <skipped/>
  </testcase> <!-- testBabyCloth -->
  <testcase classname="testhomepage.TestHomePage" name="ClickDropDown1" time="0.0">
    <skipped/>
  </testcase> <!-- ClickDropDown1 -->
  <testcase classname="testhomepage.TestHomePage" name="clickingAddRightArrow" time="0.0">
    <skipped/>
  </testcase> <!-- clickingAddRightArrow -->
  <testcase classname="testhomepage.TestHomePage" name="clickingAddLeftArrow" time="0.0">
    <skipped/>
  </testcase> <!-- clickingAddLeftArrow -->
  <testcase classname="testhomepage.TestHomePage" name="ScrollDown" time="0.0">
    <skipped/>
  </testcase> <!-- ScrollDown -->
  <testcase classname="testhomepage.TestHomePage" name="doSignInWithEmail" time="0.0">
    <skipped/>
  </testcase> <!-- doSignInWithEmail -->
  <testcase classname="testhomepage.TestHomePage" name="doSignInWithNumberWrongPassword" time="0.0">
    <skipped/>
  </testcase> <!-- doSignInWithNumberWrongPassword -->
  <testcase classname="testhomepage.TestHomePage" name="DoSignInWithRightNumberRightPassword" time="0.0">
    <skipped/>
  </testcase> <!-- DoSignInWithRightNumberRightPassword -->
  <testcase classname="testhomepage.TestHomePage" name="DoSignInWithoutData" time="0.0">
    <skipped/>
  </testcase> <!-- DoSignInWithoutData -->
  <testcase classname="testhomepage.TestHomePage" name="DoSignInWithNumberWithoutPassword" time="0.0">
    <skipped/>
  </testcase> <!-- DoSignInWithNumberWithoutPassword -->
  <testcase classname="testhomepage.TestHomePage" name="DoKeepMeSignInButton" time="0.0">
    <skipped/>
  </testcase> <!-- DoKeepMeSignInButton -->
  <testcase classname="testhomepage.TestHomePage" name="DoKeepMeSignInDetails" time="0.0">
    <skipped/>
  </testcase> <!-- DoKeepMeSignInDetails -->
  <testcase classname="testhomepage.TestHomePage" name="DoSignInNeedHelpButton" time="0.0">
    <skipped/>
  </testcase> <!-- DoSignInNeedHelpButton -->
  <testcase classname="testhomepage.TestHomePage" name="DoSignInPrivacyNotice" time="0.0">
    <skipped/>
  </testcase> <!-- DoSignInPrivacyNotice -->
  <testcase classname="testhomepage.TestHomePage" name="DoSignInConditionsOfUSe" time="0.0">
    <skipped/>
  </testcase> <!-- DoSignInConditionsOfUSe -->
  <testcase classname="testhomepage.TestHomePage" name="DoSignInForgotPassword" time="0.0">
    <skipped/>
  </testcase> <!-- DoSignInForgotPassword -->
  <testcase classname="testhomepage.TestHomePage" name="doSignInYourGarage" time="0.0">
    <skipped/>
  </testcase> <!-- doSignInYourGarage -->
  <testcase classname="testhomepage.TestHomePage" name="doSignInYourGaragePartsHover" time="0.0">
    <skipped/>
  </testcase> <!-- doSignInYourGaragePartsHover -->
  <testcase classname="testhomepage.TestHomePage" name="doSignInYourGarageAccessoriesHover" time="0.0">
    <skipped/>
  </testcase> <!-- doSignInYourGarageAccessoriesHover -->
  <testcase classname="testhomepage.TestHomePage" name="doSignInYourGarageToolsHover" time="0.0">
    <skipped/>
  </testcase> <!-- doSignInYourGarageToolsHover -->
  <testcase classname="testhomepage.TestHomePage" name="doSignInYourGarageCarCareHover" time="0.0">
    <skipped/>
  </testcase> <!-- doSignInYourGarageCarCareHover -->
  <testcase classname="testhomepage.TestHomePage" name="doSignInYourMotorCyclePartsHover" time="0.0">
    <skipped/>
  </testcase> <!-- doSignInYourMotorCyclePartsHover -->
  <testcase classname="testhomepage.TestHomePage" name="doSignInYourTruckHover" time="0.0">
    <skipped/>
  </testcase> <!-- doSignInYourTruckHover -->
  <testcase classname="testhomepage.TestHomePage" name="doSignInYourRvHover" time="0.0">
    <skipped/>
  </testcase> <!-- doSignInYourRvHover -->
  <testcase classname="testhomepage.TestHomePage" name="doSignInYourTiresWheelsHover" time="0.001">
    <skipped/>
  </testcase> <!-- doSignInYourTiresWheelsHover -->
  <testcase classname="testhomepage.TestHomePage" name="doSignInYourGarageInHover" time="0.0">
    <skipped/>
  </testcase> <!-- doSignInYourGarageInHover -->
  <testcase classname="testhomepage.TestHomePage" name="FooterGetCareerButton" time="0.0">
    <skipped/>
  </testcase> <!-- FooterGetCareerButton -->
  <testcase classname="testhomepage.TestHomePage" name="FooterGetToKnowBlogButton" time="0.0">
    <skipped/>
  </testcase> <!-- FooterGetToKnowBlogButton -->
  <testcase classname="testhomepage.TestHomePage" name="FooterGetToKnowAboutAmazonButton" time="0.0">
    <skipped/>
  </testcase> <!-- FooterGetToKnowAboutAmazonButton -->
  <testcase classname="testhomepage.TestHomePage" name="FooterGetToKnowPressCenterButton" time="0.0">
    <skipped/>
  </testcase> <!-- FooterGetToKnowPressCenterButton -->
  <testcase classname="testhomepage.TestHomePage" name="FooterGetToKnowInvestorRelationsButton" time="0.0">
    <skipped/>
  </testcase> <!-- FooterGetToKnowInvestorRelationsButton -->
  <testcase classname="testhomepage.TestHomePage" name="FooterGetToKnowAmazonDeviceButton" time="0.0">
    <skipped/>
  </testcase> <!-- FooterGetToKnowAmazonDeviceButton -->
  <testcase classname="testhomepage.TestHomePage" name="FooterGetToKnowAmazonToursButton" time="0.0">
    <skipped/>
  </testcase> <!-- FooterGetToKnowAmazonToursButton -->
  <testcase classname="testhomepage.TestHomePage" name="FooterMakeMoneyWithSellOnAmazonButton" time="0.0">
    <skipped/>
  </testcase> <!-- FooterMakeMoneyWithSellOnAmazonButton -->
  <testcase classname="testhomepage.TestHomePage" name="FooterMakeMoneyWithSellUnderAmazonAcceleratorButton" time="0.0">
    <skipped/>
  </testcase> <!-- FooterMakeMoneyWithSellUnderAmazonAcceleratorButton -->
  <testcase classname="testhomepage.TestHomePage" name="FooterMakeMoneyWithSellOnAmazonHandMadeButton" time="0.0">
    <skipped/>
  </testcase> <!-- FooterMakeMoneyWithSellOnAmazonHandMadeButton -->
  <testcase classname="testhomepage.TestHomePage" name="FooterMakeMoneyWithSellYourServiceOnAmazonButton" time="0.0">
    <skipped/>
  </testcase> <!-- FooterMakeMoneyWithSellYourServiceOnAmazonButton -->
  <testcase classname="testhomepage.TestHomePage" name="FooterMakeMoneyWithSellOnAmazonBusinessButton" time="0.0">
    <skipped/>
  </testcase> <!-- FooterMakeMoneyWithSellOnAmazonBusinessButton -->
  <testcase classname="testhomepage.TestHomePage" name="FooterMakeMoneyWithSellYourAppsOnAmazonButton" time="0.0">
    <skipped/>
  </testcase> <!-- FooterMakeMoneyWithSellYourAppsOnAmazonButton -->
  <testcase classname="testhomepage.TestHomePage" name="FooterMakeMoneyWithBecomeAnAffiliateButton" time="0.0">
    <skipped/>
  </testcase> <!-- FooterMakeMoneyWithBecomeAnAffiliateButton -->
  <testcase classname="testhomepage.TestHomePage" name="FooterMakeMoneyWithAdvertiseYourProductsButton" time="0.0">
    <skipped/>
  </testcase> <!-- FooterMakeMoneyWithAdvertiseYourProductsButton -->
  <testcase classname="testhomepage.TestHomePage" name="FooterMakeMoneyWithSelfPublishWithUsButton" time="0.0">
    <skipped/>
  </testcase> <!-- FooterMakeMoneyWithSelfPublishWithUsButton -->
  <testcase classname="testhomepage.TestHomePage" name="FooterAmazonPaymentProductsSignatureCardsButton" time="0.0">
    <skipped/>
  </testcase> <!-- FooterAmazonPaymentProductsSignatureCardsButton -->
  <testcase classname="testhomepage.TestHomePage" name="FooterAmazonPaymentProductsStoreCardButton" time="0.0">
    <skipped/>
  </testcase> <!-- FooterAmazonPaymentProductsStoreCardButton -->
  <testcase classname="testhomepage.TestHomePage" name="FooterAmazonPaymentProductsBusinessCardButton" time="0.0">
    <skipped/>
  </testcase> <!-- FooterAmazonPaymentProductsBusinessCardButton -->
  <testcase classname="testhomepage.TestHomePage" name="FooterAmazonPaymentProductsCorporateCardLineButton" time="0.0">
    <skipped/>
  </testcase> <!-- FooterAmazonPaymentProductsCorporateCardLineButton -->
  <testcase classname="testhomepage.TestHomePage" name="FooterAmazonPaymentProductsStopWithPointButton" time="0.0">
    <skipped/>
  </testcase> <!-- FooterAmazonPaymentProductsStopWithPointButton -->
  <testcase classname="testhomepage.TestHomePage" name="FooterAmazonPaymentProductsCreditCardMarketPlaceButton" time="0.0">
    <skipped/>
  </testcase> <!-- FooterAmazonPaymentProductsCreditCardMarketPlaceButton -->
  <testcase classname="testhomepage.TestHomePage" name="FooterAmazonPaymentProductsCurrencyConverterButton" time="0.0">
    <skipped/>
  </testcase> <!-- FooterAmazonPaymentProductsCurrencyConverterButton -->
  <testcase classname="testhomepage.TestHomePage" name="FooterLetUsHelpYouYourAccountButton" time="0.0">
    <skipped/>
  </testcase> <!-- FooterLetUsHelpYouYourAccountButton -->
  <testcase classname="testhomepage.TestHomePage" name="FooterLetUsHelpYouYourOrdersButton" time="0.0">
    <skipped/>
  </testcase> <!-- FooterLetUsHelpYouYourOrdersButton -->
  <testcase classname="testhomepage.TestHomePage" name="FooterLetUsHelpYouShippingRatesAndPolicesButton" time="0.0">
    <skipped/>
  </testcase> <!-- FooterLetUsHelpYouShippingRatesAndPolicesButton -->
  <testcase classname="testhomepage.TestHomePage" name="FooterLetUsHelpYouAmazonPrimeButton" time="0.0">
    <skipped/>
  </testcase> <!-- FooterLetUsHelpYouAmazonPrimeButton -->
  <testcase classname="testhomepage.TestHomePage" name="FooterLetUsHelpYouReturnsAndReplacementButton" time="0.0">
    <skipped/>
  </testcase> <!-- FooterLetUsHelpYouReturnsAndReplacementButton -->
  <testcase classname="testhomepage.TestHomePage" name="FooterLetUsHelpYouManageYourContentAndDeviceButton" time="0.0">
    <skipped/>
  </testcase> <!-- FooterLetUsHelpYouManageYourContentAndDeviceButton -->
  <testcase classname="testhomepage.TestHomePage" name="FooterLetUsHelpYouAmazonAssistantButton" time="0.0">
    <skipped/>
  </testcase> <!-- FooterLetUsHelpYouAmazonAssistantButton -->
  <testcase classname="testhomepage.TestHomePage" name="FooterLetUsHelpYouHelpButton" time="0.0">
    <skipped/>
  </testcase> <!-- FooterLetUsHelpYouHelpButton -->
  <testcase classname="testhomepage.TestHomePage" name="FooterDownAmazonMusicButton" time="0.0">
    <skipped/>
  </testcase> <!-- FooterDownAmazonMusicButton -->
  <testcase classname="testhomepage.TestHomePage" name="FooterDownAmazonBusinessButton" time="0.0">
    <skipped/>
  </testcase> <!-- FooterDownAmazonBusinessButton -->
  <testcase classname="testhomepage.TestHomePage" name="FooterDownAudibleButton" time="0.0">
    <skipped/>
  </testcase> <!-- FooterDownAudibleButton -->
  <testcase classname="testhomepage.TestHomePage" name="FooterDownFabricButton" time="0.0">
    <skipped/>
  </testcase> <!-- FooterDownFabricButton -->
  <testcase classname="testhomepage.TestHomePage" name="FooterDownPrimeVideoDirectButton" time="0.0">
    <skipped/>
  </testcase> <!-- FooterDownPrimeVideoDirectButton -->
  <testcase classname="testhomepage.TestHomePage" name="FooterDownEeroWifiButton" time="0.0">
    <skipped/>
  </testcase> <!-- FooterDownEeroWifiButton -->
  <testcase classname="testhomepage.TestHomePage" name="FooterDownAmazonAdvertisingButton" time="0.0">
    <skipped/>
  </testcase> <!-- FooterDownAmazonAdvertisingButton -->
  <testcase classname="testhomepage.TestHomePage" name="FooterDownAmazonFreshButton" time="0.0">
    <skipped/>
  </testcase> <!-- FooterDownAmazonFreshButton -->
  <testcase classname="testhomepage.TestHomePage" name="FooterDownBrookDepositoryButton" time="0.0">
    <skipped/>
  </testcase> <!-- FooterDownBrookDepositoryButton -->
  <testcase classname="testhomepage.TestHomePage" name="FooterDownGoodReadsButton" time="0.0">
    <skipped/>
  </testcase> <!-- FooterDownGoodReadsButton -->
  <testcase classname="testhomepage.TestHomePage" name="FooterDownShopBopButton" time="0.0">
    <skipped/>
  </testcase> <!-- FooterDownShopBopButton -->
  <testcase classname="testhomepage.TestHomePage" name="FooterDownNeighborsAppButton" time="0.0">
    <skipped/>
  </testcase> <!-- FooterDownNeighborsAppButton -->
  <testcase classname="testhomepage.TestHomePage" name="FooterDownAmazonDriveButton" time="0.0">
    <skipped/>
  </testcase> <!-- FooterDownAmazonDriveButton -->
  <testcase classname="testhomepage.TestHomePage" name="FooterDownAmazonGlobalButton" time="0.0">
    <skipped/>
  </testcase> <!-- FooterDownAmazonGlobalButton -->
  <testcase classname="testhomepage.TestHomePage" name="FooterDownBoxOfficeMojoButton" time="0.0">
    <skipped/>
  </testcase> <!-- FooterDownBoxOfficeMojoButton -->
  <testcase classname="testhomepage.TestHomePage" name="FooterDownIMDBButton" time="0.0">
    <skipped/>
  </testcase> <!-- FooterDownIMDBButton -->
  <testcase classname="testhomepage.TestHomePage" name="FooterDownAmazonWareHouseButton" time="0.0">
    <skipped/>
  </testcase> <!-- FooterDownAmazonWareHouseButton -->
  <testcase classname="testhomepage.TestHomePage" name="FooterDownSubscribeWithAmazonButton" time="0.0">
    <skipped/>
  </testcase> <!-- FooterDownSubscribeWithAmazonButton -->
  <testcase classname="testhomepage.TestHomePage" name="FooterDownSixPmButton" time="0.0">
    <skipped/>
  </testcase> <!-- FooterDownSixPmButton -->
  <testcase classname="testhomepage.TestHomePage" name="FooterDownHomeServiceButton" time="0.0">
    <skipped/>
  </testcase> <!-- FooterDownHomeServiceButton -->
  <testcase classname="testhomepage.TestHomePage" name="FooterDownComiXologyButton" time="0.0">
    <skipped/>
  </testcase> <!-- FooterDownComiXologyButton -->
  <testcase classname="testhomepage.TestHomePage" name="FooterDownImdbButton" time="0.0">
    <skipped/>
  </testcase> <!-- FooterDownImdbButton -->
  <testcase classname="testhomepage.TestHomePage" name="FooterDownWholeFoodsMarketButton" time="0.0">
    <skipped/>
  </testcase> <!-- FooterDownWholeFoodsMarketButton -->
  <testcase classname="testhomepage.TestHomePage" name="FooterDownPillPackButton" time="0.0">
    <skipped/>
  </testcase> <!-- FooterDownPillPackButton -->
  <testcase classname="testhomepage.TestHomePage" name="FooterDownAbeBooksButton" time="0.0">
    <skipped/>
  </testcase> <!-- FooterDownAbeBooksButton -->
  <testcase classname="testhomepage.TestHomePage" name="FooterDownAmazonIgniteButton" time="0.0">
    <skipped/>
  </testcase> <!-- FooterDownAmazonIgniteButton -->
  <testcase classname="testhomepage.TestHomePage" name="FooterDownCreateSpaceButton" time="0.0">
    <skipped/>
  </testcase> <!-- FooterDownCreateSpaceButton -->
  <testcase classname="testhomepage.TestHomePage" name="FooterDownKindleDirectPublishingButton" time="0.0">
    <skipped/>
  </testcase> <!-- FooterDownKindleDirectPublishingButton -->
  <testcase classname="testhomepage.TestHomePage" name="FooterDownWootButton" time="0.0">
    <skipped/>
  </testcase> <!-- FooterDownWootButton -->
  <testcase classname="testhomepage.TestHomePage" name="FooterDownAmazonRenewedButton" time="0.0">
    <skipped/>
  </testcase> <!-- FooterDownAmazonRenewedButton -->
  <testcase classname="testhomepage.TestHomePage" name="FooterDownACXButton" time="0.0">
    <skipped/>
  </testcase> <!-- FooterDownACXButton -->
  <testcase classname="testhomepage.TestHomePage" name="FooterDownAmazonRapidsButton" time="0.0">
    <skipped/>
  </testcase> <!-- FooterDownAmazonRapidsButton -->
  <testcase classname="testhomepage.TestHomePage" name="FooterDownDPReviewButton" time="0.0">
    <skipped/>
  </testcase> <!-- FooterDownDPReviewButton -->
  <testcase classname="testhomepage.TestHomePage" name="FooterDownPrimeNowButton" time="0.0">
    <skipped/>
  </testcase> <!-- FooterDownPrimeNowButton -->
  <testcase classname="testhomepage.TestHomePage" name="FooterDownZapposButton" time="0.0">
    <skipped/>
  </testcase> <!-- FooterDownZapposButton -->
  <testcase classname="testhomepage.TestHomePage" name="FooterDownAmazonSecondChanceButton" time="0.0">
    <skipped/>
  </testcase> <!-- FooterDownAmazonSecondChanceButton -->
  <testcase classname="testhomepage.TestHomePage" name="FooterDownAlexaButton" time="0.0">
    <skipped/>
  </testcase> <!-- FooterDownAlexaButton -->
  <testcase classname="testhomepage.TestHomePage" name="FooterDownAmazonWebServiceButton" time="0.0">
    <skipped/>
  </testcase> <!-- FooterDownAmazonWebServiceButton -->
  <testcase classname="testhomepage.TestHomePage" name="FooterDownEastDaneButton" time="0.0">
    <skipped/>
  </testcase> <!-- FooterDownEastDaneButton -->
  <testcase classname="testhomepage.TestHomePage" name="FooterDownAmazonPhotosButton" time="0.001">
    <skipped/>
  </testcase> <!-- FooterDownAmazonPhotosButton -->
  <testcase classname="testhomepage.TestHomePage" name="FooterDownRingButton" time="0.0">
    <skipped/>
  </testcase> <!-- FooterDownRingButton -->
  <testcase classname="testhomepage.TestHomePage" name="FooterDownConditionsOfUseButton" time="0.0">
    <skipped/>
  </testcase> <!-- FooterDownConditionsOfUseButton -->
  <testcase classname="testhomepage.TestHomePage" name="FooterDownPrivacyNoticeButton" time="0.0">
    <skipped/>
  </testcase> <!-- FooterDownPrivacyNoticeButton -->
  <testcase classname="testhomepage.TestHomePage" name="FooterDownInterestBasedAdsButton" time="0.0">
    <skipped/>
  </testcase> <!-- FooterDownInterestBasedAdsButton -->
  <testcase classname="testhomepage.TestHomePage" name="FooterDownAmazonLicenceButton" time="0.0">
    <skipped/>
  </testcase> <!-- FooterDownAmazonLicenceButton -->
</testsuite> <!-- Command line test -->
